SF:/home/nenad/repos/contracts-sui/contracts/sale/sources/allowlist.move
FNF:4
FNH:4
LF:13
LH:13
BRF:6
BRH:6
FN:127,admin_sale_id
FN:167,consume
FN:146,new_admin
FN:110,new_entry
FNDA:1,admin_sale_id
FNDA:6,consume
FNDA:10,new_admin
FNDA:7,new_entry
DA:109,7
DA:110,14
DA:111,21
DA:112,7
DA:113,7
DA:126,5
DA:145,10
DA:146,50
DA:166,6
DA:171,24
DA:172,25
DA:173,26
DA:174,8
BRDA:172,3,7,5
BRDA:172,3,8,1
BRDA:172,4,10,5
BRDA:173,6,14,4
BRDA:173,6,15,1
BRDA:173,7,17,4
end_of_record
SF:/home/nenad/repos/contracts-sui/contracts/sale/tests/allowlist_tests.move
FNF:3
FNH:3
LF:27
LH:23
BRF:4
BRH:2
FN:43,consume_wrong_buyer_aborts
FN:33,consume_wrong_sale_aborts
FN:16,new_admin_and_consume_returns_max_amount
FNDA:1,consume_wrong_buyer_aborts
FNDA:1,consume_wrong_sale_aborts
FNDA:1,new_admin_and_consume_returns_max_amount
DA:14,2
DA:15,3
DA:16,6
DA:17,3
DA:18,2
DA:20,6
DA:21,5
DA:22,6
DA:23,16
DA:24,3
DA:25,1
DA:27,3
DA:32,1
DA:33,2
DA:34,5
DA:35,4
DA:36,4
DA:42,1
DA:43,2
DA:44,3
DA:45,4
DA:46,4
DA:47,3
BRDA:23,0,25,-
BRDA:23,0,41,1
BRDA:23,2,64,-
BRDA:23,2,80,1
end_of_record
SF:/home/nenad/repos/contracts-sui/contracts/sale/sources/fixed_rate_curve.move
FNF:4
FNH:4
LF:13
LH:13
BRF:6
BRH:6
FN:102,activation_ticket
FN:85,params
FN:129,quote
FN:146,rate
FNDA:60,activation_ticket
FNDA:87,params
FNDA:56,quote
FNDA:1,rate
DA:84,87
DA:85,436
DA:86,258
DA:101,60
DA:104,420
DA:105,420
DA:106,303
DA:107,413
DA:128,56
DA:132,392
DA:133,390
DA:145,1
DA:148,7
BRDA:85,0,4,86
BRDA:85,0,5,1
BRDA:85,1,7,86
BRDA:106,4,18,59
BRDA:106,4,19,1
BRDA:106,5,23,59
end_of_record
SF:/home/nenad/repos/contracts-sui/contracts/sale/tests/fixed_rate_curve_tests.move
FNF:8
FNH:8
LF:62
LH:52
BRF:8
BRH:4
FN:98,activation_ticket_overflow_aborts
FN:85,activation_ticket_requires_hard_cap_times_rate
FN:18,new_sale
FN:39,params_rejects_zero_rate
FN:46,quote_allocation_is_paid_times_rate
FN:73,quote_allocation_overflow_aborts
FN:62,quote_rejects_zero_payment
FN:110,rate_view_returns_configured_rate
FNDA:1,activation_ticket_overflow_aborts
FNDA:1,activation_ticket_requires_hard_cap_times_rate
FNDA:6,new_sale
FNDA:1,params_rejects_zero_rate
FNDA:1,quote_allocation_is_paid_times_rate
FNDA:1,quote_allocation_overflow_aborts
FNDA:1,quote_rejects_zero_payment
FNDA:1,rate_view_returns_configured_rate
DA:14,4
DA:15,4
DA:16,8
DA:17,6
DA:20,4
DA:21,4
DA:22,12
DA:23,24
DA:25,12
DA:26,12
DA:27,6
DA:28,6
DA:29,6
DA:30,6
DA:31,6
DA:38,1
DA:39,2
DA:45,1
DA:46,2
DA:47,6
DA:49,5
DA:50,3
DA:51,4
DA:52,4
DA:54,2
DA:55,2
DA:56,3
DA:61,1
DA:62,2
DA:63,6
DA:64,4
DA:72,1
DA:73,2
DA:74,6
DA:75,4
DA:84,1
DA:85,2
DA:86,6
DA:89,2
DA:90,1
DA:91,2
DA:92,3
DA:97,1
DA:98,2
DA:99,6
DA:100,2
DA:109,1
DA:110,2
DA:111,6
DA:112,3
DA:113,2
DA:114,3
BRDA:23,2,27,-
BRDA:23,2,43,1
BRDA:23,4,62,-
BRDA:23,4,78,1
BRDA:23,6,97,-
BRDA:23,6,113,1
BRDA:23,13,22,-
BRDA:23,13,38,1
end_of_record
SF:/home/nenad/repos/contracts-sui/contracts/sale/sources/prefunded_sale.move
FNF:63
FNH:58
LF:363
LH:351
BRF:262
BRH:227
FN:1947,allocation
FN:1174,cancel_after_close
FN:1222,cancel_emergency
FN:1918,cap_sale_id
FN:1267,claim
FN:1299,claim_all
FN:2050,claim_all_internal
FN:1403,claim_all_into_vesting
FN:2019,claim_internal
FN:1353,claim_into_vesting
FN:1722,closes_at_ms
FN:643,create_sale
FN:1648,curve_params
FN:709,deposit
FN:1986,do_cancel
FN:861,enable_allowlist
FN:1115,finalize
FN:1665,hard_cap
FN:1899,has_reached_hard_cap
FN:1880,has_reached_soft_cap
FN:1817,inventory_remaining
FN:1779,inventory_total
FN:1960,is_active
FN:1976,is_cancelled
FN:1968,is_finalized
FN:1952,is_init
FN:1857,is_open
FN:896,mint_activation_ticket
FN:1581,mint_quote
FN:1703,opens_at_ms
FN:817,pair_refund_vault
FN:1938,payment
FN:1608,phase
FN:1836,proceeds_amount
FN:1011,purchase
FN:1627,raised
FN:1521,refund
FN:1741,requires_allowlist
FN:1929,sale_id
FN:742,set_per_buyer_cap
FN:779,set_vesting_schedule_params
FN:931,share_and_activate
FN:1684,soft_cap
FN:2180,test_cancel_reason_admin_emergency
FN:2176,test_cancel_reason_soft_cap_missed
FN:2134,test_new_allowlist_enabled
FN:2195,test_new_claimed
FN:2092,test_new_inventory_deposited
FN:2226,test_new_inventory_withdrawn
FN:2102,test_new_per_buyer_cap_set
FN:2217,test_new_proceeds_withdrawn
FN:2152,test_new_purchased
FN:2125,test_new_refund_vault_paired
FN:2206,test_new_refunded
FN:2143,test_new_sale_activated
FN:2184,test_new_sale_cancelled
FN:2079,test_new_sale_created
FN:2166,test_new_sale_finalized
FN:2112,test_new_vesting_schedule_params_set
FN:1798,total_allocated
FN:1760,vesting_schedule_params
FN:1440,withdraw_proceeds
FN:1475,withdraw_unsold_inventory
FNDA:1,allocation
FNDA:8,cancel_after_close
FNDA:7,cancel_emergency
FNDA:1,cap_sale_id
FNDA:5,claim
FNDA:2,claim_all
FNDA:3,claim_all_internal
FNDA:1,claim_all_into_vesting
FNDA:9,claim_internal
FNDA:2,claim_into_vesting
FNDA:89,create_sale
FNDA:117,curve_params
FNDA:65,deposit
FNDA:9,do_cancel
FNDA:7,enable_allowlist
FNDA:20,finalize
FNDA:61,hard_cap
FNDA:1,has_reached_hard_cap
FNDA:5,inventory_remaining
FNDA:6,inventory_total
FNDA:93,is_active
FNDA:11,is_cancelled
FNDA:20,is_finalized
FNDA:212,is_init
FNDA:63,mint_activation_ticket
FNDA:60,mint_quote
FNDA:66,pair_refund_vault
FNDA:1,payment
FNDA:8,phase
FNDA:4,proceeds_amount
FNDA:57,purchase
FNDA:7,raised
FNDA:5,refund
FNDA:3,requires_allowlist
FNDA:1,sale_id
FNDA:6,set_per_buyer_cap
FNDA:6,set_vesting_schedule_params
FNDA:62,share_and_activate
FNDA:1,soft_cap
FNDA:2,test_cancel_reason_admin_emergency
FNDA:1,test_cancel_reason_soft_cap_missed
FNDA:1,test_new_allowlist_enabled
FNDA:1,test_new_claimed
FNDA:2,test_new_inventory_deposited
FNDA:1,test_new_inventory_withdrawn
FNDA:1,test_new_per_buyer_cap_set
FNDA:1,test_new_proceeds_withdrawn
FNDA:1,test_new_refund_vault_paired
FNDA:1,test_new_refunded
FNDA:1,test_new_sale_activated
FNDA:3,test_new_sale_cancelled
FNDA:1,test_new_sale_created
FNDA:1,test_new_sale_finalized
FNDA:1,test_new_vesting_schedule_params_set
FNDA:11,total_allocated
FNDA:2,vesting_schedule_params
FNDA:3,withdraw_proceeds
FNDA:5,withdraw_unsold_inventory
DA:177,52
DA:642,89
DA:659,448
DA:660,443
DA:661,438
DA:663,172
DA:664,172
DA:665,86
DA:666,86
DA:667,86
DA:668,86
DA:669,86
DA:670,86
DA:671,86
DA:672,86
DA:673,86
DA:674,86
DA:675,86
DA:676,86
DA:677,86
DA:678,86
DA:679,86
DA:680,86
DA:682,258
DA:683,430
DA:685,172
DA:686,86
DA:687,86
DA:688,86
DA:689,86
DA:690,86
DA:691,86
DA:694,258
DA:708,65
DA:718,328
DA:719,192
DA:720,320
DA:721,128
DA:722,192
DA:723,64
DA:724,192
DA:725,64
DA:741,6
DA:752,30
DA:753,35
DA:754,30
DA:755,16
DA:756,20
DA:757,8
DA:758,12
DA:759,4
DA:760,4
DA:778,6
DA:788,30
DA:789,33
DA:790,20
DA:791,10
DA:792,15
DA:793,5
DA:794,5
DA:816,66
DA:827,330
DA:828,335
DA:829,460
DA:830,261
DA:831,383
DA:833,186
DA:834,248
DA:835,248
DA:836,124
DA:837,186
DA:838,62
DA:839,62
DA:860,7
DA:870,35
DA:871,47
DA:872,24
DA:873,24
DA:874,24
DA:875,12
DA:876,6
DA:877,12
DA:879,12
DA:895,63
DA:905,315
DA:930,62
DA:941,186
DA:942,248
DA:944,313
DA:946,305
DA:947,308
DA:949,180
DA:950,421
DA:952,414
DA:954,232
DA:955,116
DA:956,116
DA:957,58
DA:958,58
DA:959,58
DA:1010,57
DA:1023,285
DA:1025,228
DA:1026,228
DA:1028,235
DA:1030,168
DA:1031,901
DA:1033,216
DA:1034,375
DA:1035,21
DA:1036,6
DA:1037,9
DA:1039,205
DA:1040,98
DA:1041,49
DA:1045,156
DA:1048,421
DA:1049,306
DA:1050,362
DA:1052,507
DA:1056,196
DA:1057,16
DA:1058,24
DA:1059,10
DA:1060,8
DA:1062,16
DA:1063,31
DA:1064,18
DA:1067,384
DA:1068,245
DA:1070,376
DA:1071,188
DA:1072,235
DA:1074,376
DA:1075,141
DA:1076,141
DA:1078,94
DA:1079,47
DA:1080,47
DA:1081,47
DA:1082,47
DA:1083,47
DA:1084,141
DA:1085,47
DA:1086,47
DA:1114,20
DA:1125,107
DA:1126,57
DA:1127,114
DA:1128,152
DA:1129,155
DA:1130,167
DA:1132,85
DA:1133,124
DA:1137,64
DA:1138,48
DA:1141,64
DA:1142,32
DA:1143,48
DA:1144,48
DA:1145,16
DA:1146,16
DA:1173,8
DA:1184,40
DA:1185,24
DA:1186,61
DA:1187,131
DA:1189,35
DA:1221,7
DA:1233,70
DA:1234,30
DA:1235,18
DA:1236,47
DA:1237,50
DA:1238,58
DA:1240,17
DA:1266,5
DA:1277,30
DA:1278,21
DA:1298,2
DA:1309,10
DA:1310,12
DA:1352,2
DA:1364,15
DA:1365,6
DA:1367,3
DA:1368,4
DA:1369,3
DA:1370,1
DA:1372,3
DA:1374,3
DA:1402,1
DA:1414,5
DA:1415,6
DA:1417,3
DA:1418,4
DA:1419,3
DA:1420,1
DA:1422,3
DA:1424,3
DA:1439,3
DA:1449,30
DA:1450,13
DA:1451,4
DA:1452,5
DA:1453,2
DA:1454,3
DA:1455,1
DA:1457,2
DA:1474,5
DA:1484,48
DA:1485,46
DA:1486,24
DA:1487,15
DA:1488,6
DA:1489,9
DA:1490,3
DA:1492,6
DA:1520,5
DA:1532,32
DA:1533,32
DA:1534,37
DA:1535,15
DA:1536,26
DA:1538,6
DA:1539,14
DA:1541,16
DA:1543,2
DA:1544,8
DA:1545,8
DA:1548,4
DA:1549,6
DA:1550,2
DA:1551,2
DA:1552,2
DA:1555,4
DA:1580,60
DA:1592,363
DA:1593,413
DA:1594,298
DA:1595,406
DA:1607,8
DA:1616,32
DA:1626,7
DA:1635,28
DA:1647,117
DA:1655,468
DA:1664,61
DA:1673,244
DA:1683,1
DA:1692,4
DA:1740,3
DA:1748,12
DA:1759,2
DA:1768,8
DA:1778,6
DA:1787,24
DA:1797,11
DA:1806,44
DA:1816,5
DA:1825,40
DA:1835,4
DA:1844,16
DA:1898,1
DA:1907,8
DA:1917,1
DA:1918,4
DA:1928,5
DA:1937,4
DA:1946,5
DA:1951,212
DA:1952,2118
DA:1953,211
DA:1954,3
DA:1959,93
DA:1960,928
DA:1961,92
DA:1962,3
DA:1967,20
DA:1968,188
DA:1969,15
DA:1970,15
DA:1975,11
DA:1976,97
DA:1977,9
DA:1978,6
DA:1985,9
DA:1997,45
DA:1998,73
DA:2000,28
DA:2001,35
DA:2003,28
DA:2004,28
DA:2005,21
DA:2008,28
DA:2010,14
DA:2011,21
DA:2012,21
DA:2013,7
DA:2014,7
DA:2015,7
DA:2018,9
DA:2029,50
DA:2030,69
DA:2031,52
DA:2033,18
DA:2034,42
DA:2036,48
DA:2037,30
DA:2039,12
DA:2040,18
DA:2041,6
DA:2042,6
DA:2043,6
DA:2046,12
DA:2049,3
DA:2060,15
DA:2061,6
DA:2062,32
DA:2063,12
DA:2064,28
DA:2066,18
DA:2067,6
DA:2078,1
DA:2086,8
DA:2091,2
DA:2096,10
DA:2101,1
DA:2105,4
DA:2111,1
DA:2119,4
DA:2124,1
DA:2128,4
DA:2133,1
DA:2137,4
DA:2142,1
DA:2146,4
DA:2165,1
DA:2170,5
DA:2175,3
DA:2179,6
DA:2183,3
DA:2189,18
DA:2194,1
DA:2200,6
DA:2205,1
DA:2211,6
DA:2216,1
DA:2220,4
DA:2225,1
DA:2229,4
BRDA:659,0,4,88
BRDA:659,0,5,1
BRDA:659,1,9,88
BRDA:660,3,13,87
BRDA:660,3,14,1
BRDA:660,4,18,87
BRDA:661,6,22,86
BRDA:661,6,23,1
BRDA:661,7,27,86
BRDA:718,10,4,64
BRDA:718,10,5,1
BRDA:718,11,9,64
BRDA:752,14,4,6
BRDA:752,14,5,-
BRDA:752,15,11,6
BRDA:753,17,15,5
BRDA:753,17,16,1
BRDA:753,18,22,5
BRDA:754,20,26,4
BRDA:754,20,27,1
BRDA:754,21,33,4
BRDA:788,24,4,6
BRDA:788,24,5,-
BRDA:788,25,9,6
BRDA:789,27,13,5
BRDA:789,27,14,1
BRDA:789,28,18,5
BRDA:827,31,4,66
BRDA:827,31,5,-
BRDA:827,32,11,66
BRDA:828,34,15,65
BRDA:828,34,16,1
BRDA:828,35,22,65
BRDA:829,37,28,64
BRDA:829,37,29,1
BRDA:829,38,35,64
BRDA:830,40,38,63
BRDA:830,40,39,1
BRDA:830,41,45,63
BRDA:831,43,50,62
BRDA:831,43,51,1
BRDA:831,44,57,62
BRDA:870,47,4,7
BRDA:870,47,5,-
BRDA:870,48,11,7
BRDA:871,50,16,6
BRDA:871,50,17,1
BRDA:871,51,23,6
BRDA:944,55,11,61
BRDA:944,55,12,1
BRDA:944,56,16,61
BRDA:946,58,20,61
BRDA:946,58,21,-
BRDA:946,59,25,61
BRDA:947,61,29,60
BRDA:947,61,30,1
BRDA:947,62,34,60
BRDA:950,64,43,59
BRDA:950,64,44,1
BRDA:950,65,46,59
BRDA:952,67,52,58
BRDA:952,67,53,1
BRDA:952,68,55,58
BRDA:1023,71,4,57
BRDA:1023,71,5,-
BRDA:1023,72,13,57
BRDA:1028,74,24,56
BRDA:1028,74,25,1
BRDA:1028,75,33,56
BRDA:1031,77,42,55
BRDA:1031,77,49,1
BRDA:1031,78,51,55
BRDA:1031,79,51,1
BRDA:1031,80,53,54
BRDA:1031,80,54,2
BRDA:1031,81,60,54
BRDA:1034,83,68,4
BRDA:1034,83,85,50
BRDA:1035,84,71,3
BRDA:1035,84,72,1
BRDA:1035,85,78,3
BRDA:1034,87,99,3
BRDA:1039,88,88,49
BRDA:1039,88,89,1
BRDA:1039,89,95,49
BRDA:1034,91,99,49
BRDA:1048,92,112,51
BRDA:1048,92,113,1
BRDA:1048,93,119,51
BRDA:1050,95,131,50
BRDA:1050,95,132,1
BRDA:1050,96,138,50
BRDA:1052,98,142,48
BRDA:1052,98,145,2
BRDA:1052,99,149,48
BRDA:1052,100,149,2
BRDA:1052,101,151,49
BRDA:1052,101,152,1
BRDA:1052,102,158,49
BRDA:1056,104,162,4
BRDA:1056,104,205,45
BRDA:1058,105,172,2
BRDA:1058,105,181,2
BRDA:1060,106,181,-
BRDA:1063,107,190,3
BRDA:1063,107,191,1
BRDA:1063,108,199,3
BRDA:1064,110,205,3
BRDA:1068,111,217,47
BRDA:1068,111,218,1
BRDA:1068,112,224,47
BRDA:1125,115,4,19
BRDA:1125,115,5,1
BRDA:1125,116,13,19
BRDA:1129,118,32,17
BRDA:1129,118,35,2
BRDA:1129,119,37,17
BRDA:1129,120,37,2
BRDA:1129,121,39,18
BRDA:1129,121,40,1
BRDA:1129,122,46,18
BRDA:1130,124,54,17
BRDA:1130,124,55,1
BRDA:1130,125,61,17
BRDA:1133,127,72,16
BRDA:1133,127,73,1
BRDA:1133,128,79,16
BRDA:1184,131,4,8
BRDA:1184,131,5,-
BRDA:1184,132,13,8
BRDA:1186,134,22,7
BRDA:1186,134,23,1
BRDA:1186,135,29,7
BRDA:1187,137,35,7
BRDA:1187,137,44,-
BRDA:1187,138,46,7
BRDA:1187,139,46,-
BRDA:1187,140,48,6
BRDA:1187,140,49,1
BRDA:1187,141,55,6
BRDA:1233,144,8,6
BRDA:1233,144,9,1
BRDA:1233,145,17,6
BRDA:1234,147,21,6
BRDA:1234,147,22,-
BRDA:1234,148,30,6
BRDA:1236,150,39,5
BRDA:1236,150,40,1
BRDA:1236,151,46,5
BRDA:1237,153,54,4
BRDA:1237,153,55,1
BRDA:1237,154,61,4
BRDA:1238,156,67,3
BRDA:1238,156,70,1
BRDA:1238,157,78,3
BRDA:1238,158,78,1
BRDA:1238,159,80,3
BRDA:1238,159,81,1
BRDA:1238,160,87,3
BRDA:1277,163,4,4
BRDA:1277,163,5,1
BRDA:1277,164,11,4
BRDA:1309,167,4,2
BRDA:1309,167,5,-
BRDA:1309,168,11,2
BRDA:1364,171,4,1
BRDA:1364,171,5,1
BRDA:1364,172,11,1
BRDA:1414,175,4,1
BRDA:1414,175,5,-
BRDA:1414,176,11,1
BRDA:1449,179,8,2
BRDA:1449,179,9,1
BRDA:1449,180,13,2
BRDA:1450,182,17,1
BRDA:1450,182,18,1
BRDA:1450,183,22,1
BRDA:1484,186,8,4
BRDA:1484,186,9,1
BRDA:1484,187,13,4
BRDA:1485,189,17,1
BRDA:1485,189,20,3
BRDA:1485,190,24,1
BRDA:1485,191,24,3
BRDA:1485,192,26,3
BRDA:1485,192,27,1
BRDA:1485,193,31,3
BRDA:1532,196,4,4
BRDA:1532,196,5,1
BRDA:1532,197,13,4
BRDA:1533,199,20,4
BRDA:1533,199,21,-
BRDA:1533,200,29,4
BRDA:1534,202,36,3
BRDA:1534,202,37,1
BRDA:1534,203,43,3
BRDA:1536,205,54,2
BRDA:1536,205,55,1
BRDA:1536,206,61,2
BRDA:1592,209,5,59
BRDA:1592,209,6,1
BRDA:1592,210,10,59
BRDA:1594,212,21,58
BRDA:1594,212,22,1
BRDA:1594,213,26,58
BRDA:1866,229,6,-
BRDA:1866,229,12,-
BRDA:1868,231,21,-
BRDA:1868,231,28,-
BRDA:1868,232,32,-
BRDA:1868,233,32,-
BRDA:1952,241,4,211
BRDA:1952,241,9,1
BRDA:1952,241,14,-
BRDA:1952,241,19,-
BRDA:1952,242,23,211
BRDA:1952,243,23,1
BRDA:1952,244,23,-
BRDA:1952,245,23,-
BRDA:1960,247,4,-
BRDA:1960,247,9,92
BRDA:1960,247,14,1
BRDA:1960,247,19,-
BRDA:1960,248,23,-
BRDA:1960,249,23,92
BRDA:1960,250,23,1
BRDA:1960,251,23,-
BRDA:1968,253,4,-
BRDA:1968,253,9,3
BRDA:1968,253,14,15
BRDA:1968,253,19,2
BRDA:1968,254,23,-
BRDA:1968,255,23,3
BRDA:1968,256,23,15
BRDA:1968,257,23,2
BRDA:1976,259,4,-
BRDA:1976,259,9,2
BRDA:1976,259,14,-
BRDA:1976,259,19,9
BRDA:1976,260,23,-
BRDA:1976,261,23,2
BRDA:1976,262,23,-
BRDA:1976,263,23,9
BRDA:1998,265,11,7
BRDA:1998,265,12,2
BRDA:1998,266,18,7
BRDA:2029,269,4,8
BRDA:2029,269,5,1
BRDA:2029,270,11,8
BRDA:2030,272,18,7
BRDA:2030,272,19,1
BRDA:2030,273,25,7
BRDA:2031,275,31,6
BRDA:2031,275,32,1
BRDA:2031,276,36,6
BRDA:2060,279,4,3
BRDA:2060,279,5,-
BRDA:2060,280,11,3
BRDA:2061,282,13,3
BRDA:2062,283,17,4
BRDA:2062,283,28,3
BRDA:2062,284,13,4
end_of_record
SF:/home/nenad/repos/contracts-sui/contracts/sale/tests/prefunded_sale_claim_refund_tests.move
FNF:25
FNH:25
LF:429
LH:370
BRF:74
BRH:37
FN:25,buy_once
FN:46,cancel_now
FN:628,claim_all_empty_returns_zero
FN:255,claim_all_into_vesting_sums_into_one_wallet
FN:121,claim_all_sums_receipts
FN:188,claim_before_finalize_aborts
FN:162,claim_foreign_receipt_aborts
FN:225,claim_into_vesting_returns_funded_wallet
FN:287,claim_into_vesting_without_schedule_aborts
FN:87,claim_returns_allocation_and_draws_inventory
FN:207,claim_with_vesting_attached_aborts
FN:144,claim_wrong_buyer_aborts
FN:34,finalize_now
FN:374,refund_before_cancel_aborts
FN:314,refund_returns_paid_and_draws_vault
FN:354,refund_wrong_buyer_aborts
FN:394,refund_wrong_vault_aborts
FN:58,setup_vesting_sale
FN:477,withdraw_proceeds_before_finalize_aborts
FN:416,withdraw_proceeds_returns_raised
FN:444,withdraw_proceeds_wrong_cap_aborts
FN:610,withdraw_unsold_before_terminal_aborts
FN:561,withdraw_unsold_in_cancelled_recovers_freed_inventory
FN:497,withdraw_unsold_returns_only_slack
FN:526,withdraw_unsold_wrong_cap_aborts
FNDA:22,buy_once
FNDA:4,cancel_now
FNDA:1,claim_all_empty_returns_zero
FNDA:1,claim_all_into_vesting_sums_into_one_wallet
FNDA:1,claim_all_sums_receipts
FNDA:1,claim_before_finalize_aborts
FNDA:1,claim_foreign_receipt_aborts
FNDA:1,claim_into_vesting_returns_funded_wallet
FNDA:1,claim_into_vesting_without_schedule_aborts
FNDA:1,claim_returns_allocation_and_draws_inventory
FNDA:1,claim_with_vesting_attached_aborts
FNDA:1,claim_wrong_buyer_aborts
FNDA:13,finalize_now
FNDA:1,refund_before_cancel_aborts
FNDA:1,refund_returns_paid_and_draws_vault
FNDA:1,refund_wrong_buyer_aborts
FNDA:1,refund_wrong_vault_aborts
FNDA:3,setup_vesting_sale
FNDA:1,withdraw_proceeds_before_finalize_aborts
FNDA:1,withdraw_proceeds_returns_raised
FNDA:1,withdraw_proceeds_wrong_cap_aborts
FNDA:1,withdraw_unsold_before_terminal_aborts
FNDA:1,withdraw_unsold_in_cancelled_recovers_freed_inventory
FNDA:1,withdraw_unsold_returns_only_slack
FNDA:1,withdraw_unsold_wrong_cap_aborts
DA:14,37
DA:15,37
DA:16,74
DA:20,37
DA:21,37
DA:22,111
DA:23,222
DA:24,22
DA:25,88
DA:26,88
DA:27,132
DA:28,66
DA:33,13
DA:34,39
DA:35,52
DA:36,52
DA:37,52
DA:38,65
DA:39,26
DA:40,39
DA:45,4
DA:46,12
DA:47,16
DA:48,16
DA:49,16
DA:50,20
DA:51,8
DA:52,12
DA:57,3
DA:58,9
DA:59,9
DA:66,6
DA:67,3
DA:68,3
DA:69,3
DA:70,3
DA:71,3
DA:73,12
DA:74,21
DA:75,12
DA:76,12
DA:77,9
DA:78,12
DA:79,6
DA:80,12
DA:86,1
DA:87,3
DA:88,7
DA:89,4
DA:90,3
DA:92,4
DA:93,3
DA:94,4
DA:95,3
DA:96,6
DA:97,3
DA:98,3
DA:99,3
DA:101,2
DA:102,3
DA:104,4
DA:105,1
DA:106,2
DA:107,1
DA:108,1
DA:109,1
DA:112,2
DA:113,2
DA:115,2
DA:116,4
DA:120,1
DA:121,3
DA:122,7
DA:123,4
DA:124,4
DA:125,3
DA:127,4
DA:128,3
DA:129,4
DA:130,4
DA:131,8
DA:132,3
DA:133,3
DA:134,2
DA:135,2
DA:137,2
DA:138,4
DA:143,1
DA:144,3
DA:145,7
DA:146,4
DA:147,3
DA:149,4
DA:150,3
DA:151,4
DA:152,5
DA:161,1
DA:162,3
DA:163,7
DA:164,4
DA:165,3
DA:167,4
DA:168,3
DA:170,2
DA:171,2
DA:172,1
DA:173,1
DA:174,1
DA:175,1
DA:176,2
DA:178,5
DA:187,1
DA:188,3
DA:189,7
DA:190,4
DA:192,4
DA:193,3
DA:194,4
DA:195,5
DA:206,1
DA:207,3
DA:208,3
DA:209,4
DA:210,3
DA:212,4
DA:213,3
DA:214,4
DA:215,5
DA:224,1
DA:225,3
DA:226,3
DA:227,4
DA:228,3
DA:230,4
DA:231,3
DA:232,4
DA:233,3
DA:240,4
DA:241,3
DA:242,3
DA:243,3
DA:244,2
DA:245,2
DA:246,2
DA:248,2
DA:249,4
DA:254,1
DA:255,3
DA:256,3
DA:257,4
DA:258,4
DA:259,3
DA:261,4
DA:262,3
DA:263,4
DA:264,4
DA:265,3
DA:272,6
DA:273,3
DA:274,3
DA:275,3
DA:276,2
DA:277,2
DA:278,2
DA:280,2
DA:281,4
DA:286,1
DA:287,3
DA:288,7
DA:289,4
DA:290,3
DA:292,4
DA:293,3
DA:294,4
DA:295,1
DA:302,4
DA:313,1
DA:314,3
DA:315,7
DA:316,4
DA:317,3
DA:319,4
DA:320,3
DA:321,3
DA:322,4
DA:323,3
DA:324,7
DA:325,3
DA:326,3
DA:327,3
DA:329,2
DA:330,3
DA:332,4
DA:333,1
DA:334,2
DA:335,1
DA:336,1
DA:337,1
DA:341,2
DA:342,3
DA:343,9
DA:344,2
DA:345,2
DA:346,2
DA:348,2
DA:349,4
DA:353,1
DA:354,3
DA:355,7
DA:356,4
DA:357,3
DA:359,4
DA:360,3
DA:361,3
DA:362,4
DA:363,6
DA:373,1
DA:374,3
DA:375,7
DA:376,4
DA:378,4
DA:379,3
DA:380,3
DA:381,4
DA:382,6
DA:393,1
DA:394,3
DA:395,7
DA:396,4
DA:397,3
DA:399,4
DA:400,3
DA:401,5
DA:402,4
DA:403,6
DA:415,1
DA:416,3
DA:417,7
DA:418,4
DA:419,3
DA:421,4
DA:422,3
DA:423,3
DA:424,4
DA:425,3
DA:426,3
DA:428,2
DA:429,3
DA:431,4
DA:432,4
DA:434,2
DA:435,2
DA:436,2
DA:438,2
DA:439,4
DA:443,1
DA:444,3
DA:445,7
DA:446,4
DA:447,3
DA:449,4
DA:450,3
DA:451,3
DA:458,2
DA:459,1
DA:460,1
DA:461,1
DA:462,1
DA:463,2
DA:465,3
DA:476,1
DA:477,3
DA:478,7
DA:479,4
DA:481,4
DA:482,3
DA:483,3
DA:484,3
DA:496,1
DA:497,3
DA:498,7
DA:499,4
DA:500,3
DA:502,4
DA:503,3
DA:504,3
DA:505,4
DA:506,3
DA:507,3
DA:508,3
DA:510,2
DA:511,3
DA:513,4
DA:514,4
DA:516,2
DA:517,2
DA:518,2
DA:520,2
DA:521,4
DA:525,1
DA:526,3
DA:527,7
DA:528,4
DA:529,3
DA:531,4
DA:532,3
DA:533,3
DA:540,2
DA:541,1
DA:542,1
DA:543,1
DA:544,1
DA:545,2
DA:547,3
DA:560,1
DA:561,3
DA:562,7
DA:563,4
DA:564,3
DA:567,4
DA:568,3
DA:569,3
DA:570,4
DA:571,3
DA:572,3
DA:573,3
DA:574,2
DA:575,2
DA:576,2
DA:579,4
DA:580,3
DA:581,3
DA:582,4
DA:583,7
DA:584,3
DA:585,3
DA:586,2
DA:587,2
DA:588,2
DA:591,4
DA:592,3
DA:593,3
DA:594,4
DA:595,3
DA:596,3
DA:597,2
DA:598,2
DA:599,2
DA:601,2
DA:602,4
DA:609,1
DA:610,3
DA:611,7
DA:612,4
DA:614,4
DA:615,3
DA:616,3
DA:617,3
DA:627,1
DA:628,3
DA:629,7
DA:631,3
DA:633,4
DA:634,3
DA:635,6
DA:636,3
DA:637,2
DA:638,2
DA:640,2
DA:641,4
BRDA:23,4,51,-
BRDA:23,4,67,1
BRDA:23,6,85,-
BRDA:23,6,101,1
BRDA:23,8,119,-
BRDA:23,8,135,1
BRDA:23,10,155,-
BRDA:23,10,171,1
BRDA:23,12,196,-
BRDA:23,12,212,1
BRDA:23,15,58,-
BRDA:23,15,74,1
BRDA:23,17,92,-
BRDA:23,17,108,1
BRDA:23,24,45,-
BRDA:23,24,61,1
BRDA:23,26,79,-
BRDA:23,26,95,1
BRDA:23,28,113,-
BRDA:23,28,129,1
BRDA:23,31,55,-
BRDA:23,31,71,1
BRDA:23,33,89,-
BRDA:23,33,105,1
BRDA:23,35,123,-
BRDA:23,35,139,1
BRDA:23,39,55,-
BRDA:23,39,71,1
BRDA:23,41,89,-
BRDA:23,41,105,1
BRDA:23,43,123,-
BRDA:23,43,139,1
BRDA:23,45,159,-
BRDA:23,45,175,1
BRDA:23,47,200,-
BRDA:23,47,216,1
BRDA:23,49,236,-
BRDA:23,49,252,1
BRDA:23,51,276,-
BRDA:23,51,292,1
BRDA:23,57,45,-
BRDA:23,57,61,1
BRDA:23,59,79,-
BRDA:23,59,95,1
BRDA:23,61,115,-
BRDA:23,61,131,1
BRDA:23,63,154,-
BRDA:23,63,170,1
BRDA:23,68,45,-
BRDA:23,68,61,1
BRDA:23,70,79,-
BRDA:23,70,95,1
BRDA:23,72,113,-
BRDA:23,72,129,1
BRDA:23,74,149,-
BRDA:23,74,165,1
BRDA:23,76,188,-
BRDA:23,76,204,1
BRDA:23,80,45,-
BRDA:23,80,61,1
BRDA:23,82,79,-
BRDA:23,82,95,1
BRDA:23,84,113,-
BRDA:23,84,129,1
BRDA:23,86,174,-
BRDA:23,86,190,1
BRDA:23,88,208,-
BRDA:23,88,224,1
BRDA:23,90,262,-
BRDA:23,90,278,1
BRDA:23,92,296,-
BRDA:23,92,312,1
BRDA:23,96,40,-
BRDA:23,96,56,1
end_of_record
SF:/home/nenad/repos/contracts-sui/contracts/sale/tests/prefunded_sale_curve_trust_tests.move
FNF:7
FNH:7
LF:96
LH:88
BRF:8
BRH:4
FN:36,activate_bad
FN:75,activation_trusts_undersized_required_inventory
FN:95,overallocating_quote_beyond_inventory_aborts
FN:118,overallocating_quote_within_inventory_is_accepted
FN:147,purchase_raised_overflow_aborts
FN:27,setup
FN:65,take_bad_sale
FNDA:4,activate_bad
FNDA:1,activation_trusts_undersized_required_inventory
FNDA:1,overallocating_quote_beyond_inventory_aborts
FNDA:1,overallocating_quote_within_inventory_is_accepted
FNDA:1,purchase_raised_overflow_aborts
FNDA:4,setup
FNDA:4,take_bad_sale
DA:14,4
DA:15,4
DA:16,8
DA:20,4
DA:21,4
DA:22,12
DA:23,24
DA:26,4
DA:27,12
DA:28,16
DA:29,12
DA:30,12
DA:35,4
DA:42,12
DA:43,12
DA:44,4
DA:45,4
DA:46,4
DA:47,4
DA:48,4
DA:49,4
DA:51,16
DA:52,16
DA:53,16
DA:54,8
DA:55,4
DA:56,8
DA:57,4
DA:59,16
DA:60,8
DA:61,16
DA:64,4
DA:65,12
DA:74,1
DA:75,3
DA:76,6
DA:78,4
DA:79,3
DA:80,6
DA:81,3
DA:82,2
DA:84,2
DA:85,4
DA:94,1
DA:95,3
DA:96,6
DA:98,4
DA:99,3
DA:101,2
DA:102,1
DA:103,2
DA:104,2
DA:105,1
DA:107,7
DA:117,1
DA:118,3
DA:119,6
DA:121,4
DA:122,3
DA:124,2
DA:125,1
DA:126,2
DA:127,2
DA:128,1
DA:130,7
DA:131,3
DA:132,3
DA:133,2
DA:135,2
DA:136,4
DA:146,1
DA:147,3
DA:148,2
DA:149,6
DA:151,4
DA:152,3
DA:154,2
DA:155,1
DA:156,2
DA:157,2
DA:158,1
DA:160,7
DA:162,2
DA:163,1
DA:164,2
DA:165,2
DA:166,1
DA:168,7
BRDA:23,3,33,-
BRDA:23,3,49,1
BRDA:23,5,67,-
BRDA:23,5,83,1
BRDA:23,9,45,-
BRDA:23,9,61,1
BRDA:23,11,79,-
BRDA:23,11,95,1
end_of_record
SF:/home/nenad/repos/contracts-sui/contracts/sale/tests/prefunded_sale_lifecycle_tests.move
FNF:18
FNH:18
LF:308
LH:250
BRF:56
BRH:28
FN:24,buy_once
FN:204,cancel_after_close_soft_cap_met_aborts
FN:151,cancel_after_close_succeeds_and_routes_proceeds
FN:222,cancel_after_close_window_open_aborts
FN:437,cancel_after_close_wrong_vault_aborts
FN:350,cancel_emergency_after_close_aborts
FN:370,cancel_emergency_hard_cap_reached_aborts
FN:389,cancel_emergency_soft_cap_met_aborts
FN:241,cancel_emergency_succeeds
FN:316,cancel_emergency_wrong_cap_aborts
FN:458,cancel_emergency_wrong_vault_aborts
FN:277,cancel_emergency_zero_raised_succeeds
FN:35,finalize_after_close_succeeds
FN:76,finalize_early_when_hard_cap_reached
FN:112,finalize_soft_cap_not_met_aborts
FN:130,finalize_twice_aborts
FN:95,finalize_window_open_not_sold_out_aborts
FN:416,finalize_wrong_vault_aborts
FNDA:16,buy_once
FNDA:1,cancel_after_close_soft_cap_met_aborts
FNDA:1,cancel_after_close_succeeds_and_routes_proceeds
FNDA:1,cancel_after_close_window_open_aborts
FNDA:1,cancel_after_close_wrong_vault_aborts
FNDA:1,cancel_emergency_after_close_aborts
FNDA:1,cancel_emergency_hard_cap_reached_aborts
FNDA:1,cancel_emergency_soft_cap_met_aborts
FNDA:1,cancel_emergency_succeeds
FNDA:1,cancel_emergency_wrong_cap_aborts
FNDA:1,cancel_emergency_wrong_vault_aborts
FNDA:1,cancel_emergency_zero_raised_succeeds
FNDA:1,finalize_after_close_succeeds
FNDA:1,finalize_early_when_hard_cap_reached
FNDA:1,finalize_soft_cap_not_met_aborts
FNDA:1,finalize_twice_aborts
FNDA:1,finalize_window_open_not_sold_out_aborts
FNDA:1,finalize_wrong_vault_aborts
DA:14,28
DA:15,28
DA:16,56
DA:20,28
DA:21,28
DA:22,84
DA:23,184
DA:24,64
DA:25,64
DA:26,96
DA:27,48
DA:34,1
DA:35,3
DA:36,7
DA:37,4
DA:38,3
DA:40,4
DA:41,3
DA:42,3
DA:43,4
DA:44,6
DA:45,3
DA:46,3
DA:48,2
DA:49,3
DA:51,4
DA:52,5
DA:55,2
DA:56,3
DA:58,4
DA:59,1
DA:60,2
DA:61,1
DA:62,1
DA:66,2
DA:67,2
DA:69,2
DA:70,4
DA:75,1
DA:76,3
DA:77,7
DA:78,4
DA:80,4
DA:81,3
DA:82,3
DA:83,4
DA:84,6
DA:85,2
DA:86,2
DA:88,2
DA:89,4
DA:94,1
DA:95,3
DA:96,7
DA:97,4
DA:99,4
DA:100,3
DA:101,3
DA:102,4
DA:111,1
DA:112,3
DA:113,7
DA:114,4
DA:115,3
DA:117,4
DA:118,3
DA:119,3
DA:120,4
DA:129,1
DA:130,3
DA:131,7
DA:132,4
DA:133,3
DA:135,4
DA:136,3
DA:137,3
DA:138,4
DA:139,4
DA:150,1
DA:151,3
DA:152,7
DA:153,4
DA:154,3
DA:156,4
DA:157,3
DA:158,3
DA:159,4
DA:160,6
DA:161,3
DA:162,3
DA:163,3
DA:165,2
DA:166,3
DA:168,4
DA:169,1
DA:170,2
DA:171,1
DA:172,1
DA:173,1
DA:177,2
DA:178,3
DA:180,4
DA:181,5
DA:183,2
DA:184,3
DA:186,4
DA:187,1
DA:188,2
DA:189,1
DA:190,1
DA:194,2
DA:195,2
DA:197,2
DA:198,4
DA:203,1
DA:204,3
DA:205,7
DA:206,4
DA:207,3
DA:209,4
DA:210,3
DA:211,3
DA:212,4
DA:221,1
DA:222,3
DA:223,7
DA:224,4
DA:226,4
DA:227,3
DA:228,3
DA:229,4
DA:240,1
DA:241,3
DA:242,7
DA:243,4
DA:245,4
DA:246,3
DA:247,3
DA:248,3
DA:249,5
DA:250,6
DA:251,3
DA:253,2
DA:254,3
DA:256,4
DA:257,1
DA:258,2
DA:259,1
DA:260,1
DA:261,1
DA:265,2
DA:266,2
DA:267,2
DA:269,2
DA:270,4
DA:276,1
DA:277,3
DA:278,7
DA:281,4
DA:282,3
DA:283,3
DA:284,3
DA:285,5
DA:286,6
DA:287,3
DA:288,3
DA:292,5
DA:293,2
DA:294,3
DA:296,4
DA:297,1
DA:298,2
DA:299,1
DA:300,1
DA:301,1
DA:305,2
DA:306,2
DA:307,2
DA:309,2
DA:310,4
DA:315,1
DA:316,3
DA:317,7
DA:318,4
DA:320,4
DA:321,3
DA:322,3
DA:324,3
DA:331,2
DA:332,1
DA:333,1
DA:334,1
DA:335,1
DA:336,2
DA:338,5
DA:349,1
DA:350,3
DA:351,7
DA:352,4
DA:353,3
DA:355,4
DA:356,3
DA:357,3
DA:358,3
DA:359,5
DA:369,1
DA:370,3
DA:371,7
DA:372,4
DA:374,4
DA:375,3
DA:376,3
DA:377,3
DA:378,5
DA:388,1
DA:389,3
DA:390,7
DA:391,4
DA:393,4
DA:394,3
DA:395,3
DA:396,3
DA:397,5
DA:415,1
DA:416,3
DA:417,7
DA:418,4
DA:419,3
DA:421,4
DA:422,3
DA:423,5
DA:424,4
DA:436,1
DA:437,3
DA:438,7
DA:439,4
DA:440,3
DA:442,4
DA:443,3
DA:444,5
DA:445,4
DA:457,1
DA:458,3
DA:459,7
DA:460,4
DA:462,4
DA:463,3
DA:464,3
DA:465,5
DA:466,5
BRDA:23,1,48,-
BRDA:23,1,64,1
BRDA:23,3,82,-
BRDA:23,3,98,1
BRDA:23,5,116,-
BRDA:23,5,132,1
BRDA:23,7,152,-
BRDA:23,7,168,1
BRDA:23,9,192,-
BRDA:23,9,208,1
BRDA:23,11,228,-
BRDA:23,11,244,1
BRDA:23,13,268,-
BRDA:23,13,284,1
BRDA:23,16,45,-
BRDA:23,16,61,1
BRDA:23,22,48,-
BRDA:23,22,64,1
BRDA:23,24,82,-
BRDA:23,24,98,1
BRDA:23,26,116,-
BRDA:23,26,132,1
BRDA:23,28,150,-
BRDA:23,28,166,1
BRDA:23,30,186,-
BRDA:23,30,202,1
BRDA:23,32,227,-
BRDA:23,32,243,1
BRDA:23,34,263,-
BRDA:23,34,279,1
BRDA:23,36,303,-
BRDA:23,36,319,1
BRDA:23,38,339,-
BRDA:23,38,355,1
BRDA:23,40,379,-
BRDA:23,40,395,1
BRDA:23,45,49,-
BRDA:23,45,65,1
BRDA:23,47,83,-
BRDA:23,47,99,1
BRDA:23,49,119,-
BRDA:23,49,135,1
BRDA:23,51,160,-
BRDA:23,51,176,1
BRDA:23,54,45,-
BRDA:23,54,61,1
BRDA:23,56,79,-
BRDA:23,56,95,1
BRDA:23,58,113,-
BRDA:23,58,129,1
BRDA:23,60,149,-
BRDA:23,60,165,1
BRDA:23,62,185,-
BRDA:23,62,201,1
BRDA:23,64,226,-
BRDA:23,64,242,1
end_of_record
SF:/home/nenad/repos/contracts-sui/contracts/sale/tests/prefunded_sale_purchase_tests.move
FNF:15
FNH:15
LF:220
LH:190
BRF:28
BRH:14
FN:257,allowlist_not_required_but_provided_aborts
FN:207,allowlist_purchase_with_entry_succeeds
FN:233,allowlist_required_but_none_aborts
FN:56,buy_with_entry
FN:173,per_buyer_cap_allows_up_to_cap
FN:190,per_buyer_cap_exceeded_aborts
FN:300,per_entry_cap_exact_boundary_ok
FN:276,per_entry_cap_exceeded_aborts
FN:141,purchase_after_close_aborts
FN:105,purchase_at_exact_hard_cap_ok
FN:125,purchase_before_open_aborts
FN:74,purchase_delivers_receipt_and_updates_state
FN:157,purchase_exceeds_hard_cap_aborts
FN:327,purchase_with_foreign_quote_aborts
FN:28,setup_with_per_buyer_cap
FNDA:1,allowlist_not_required_but_provided_aborts
FNDA:1,allowlist_purchase_with_entry_succeeds
FNDA:1,allowlist_required_but_none_aborts
FNDA:3,buy_with_entry
FNDA:1,per_buyer_cap_allows_up_to_cap
FNDA:1,per_buyer_cap_exceeded_aborts
FNDA:1,per_entry_cap_exact_boundary_ok
FNDA:1,per_entry_cap_exceeded_aborts
FNDA:1,purchase_after_close_aborts
FNDA:1,purchase_at_exact_hard_cap_ok
FNDA:1,purchase_before_open_aborts
FNDA:1,purchase_delivers_receipt_and_updates_state
FNDA:1,purchase_exceeds_hard_cap_aborts
FNDA:1,purchase_with_foreign_quote_aborts
FNDA:2,setup_with_per_buyer_cap
DA:14,14
DA:15,14
DA:16,28
DA:20,14
DA:21,14
DA:22,42
DA:23,84
DA:27,2
DA:28,6
DA:29,6
DA:36,4
DA:37,2
DA:38,2
DA:39,2
DA:40,2
DA:41,2
DA:43,8
DA:44,8
DA:45,8
DA:46,8
DA:47,6
DA:48,8
DA:49,4
DA:50,8
DA:55,3
DA:63,15
DA:64,15
DA:65,18
DA:66,24
DA:67,8
DA:73,1
DA:74,3
DA:75,7
DA:77,4
DA:78,3
DA:79,6
DA:80,3
DA:81,3
DA:82,3
DA:83,3
DA:87,5
DA:88,2
DA:91,4
DA:92,4
DA:93,3
DA:94,3
DA:95,3
DA:96,2
DA:98,2
DA:99,4
DA:104,1
DA:105,3
DA:106,7
DA:108,4
DA:109,3
DA:110,6
DA:111,3
DA:112,3
DA:113,3
DA:114,2
DA:116,2
DA:117,4
DA:124,1
DA:125,3
DA:128,10
DA:130,4
DA:131,3
DA:132,6
DA:140,1
DA:141,3
DA:142,7
DA:143,3
DA:145,4
DA:146,3
DA:147,6
DA:156,1
DA:157,3
DA:158,7
DA:160,4
DA:161,3
DA:162,6
DA:172,1
DA:173,3
DA:174,4
DA:176,4
DA:177,3
DA:178,6
DA:179,6
DA:180,3
DA:181,2
DA:183,2
DA:184,4
DA:189,1
DA:190,3
DA:191,4
DA:193,4
DA:194,3
DA:195,6
DA:196,6
DA:206,1
DA:207,3
DA:208,1
DA:209,1
DA:210,1
DA:211,1
DA:212,1
DA:213,1
DA:214,1
DA:215,1
DA:216,1
DA:217,1
DA:220,4
DA:221,3
DA:222,7
DA:223,3
DA:224,2
DA:226,2
DA:227,4
DA:232,1
DA:233,3
DA:234,1
DA:235,1
DA:236,1
DA:237,1
DA:238,1
DA:239,1
DA:240,1
DA:241,1
DA:242,1
DA:243,1
DA:246,4
DA:247,3
DA:248,6
DA:256,1
DA:257,3
DA:258,7
DA:260,4
DA:261,3
DA:263,6
DA:264,5
DA:265,5
DA:266,8
DA:275,1
DA:276,3
DA:277,1
DA:278,1
DA:279,1
DA:280,1
DA:281,1
DA:282,1
DA:283,1
DA:284,1
DA:285,1
DA:286,1
DA:289,4
DA:290,3
DA:291,7
DA:299,1
DA:300,3
DA:301,1
DA:302,1
DA:303,1
DA:304,1
DA:305,1
DA:306,1
DA:307,1
DA:308,1
DA:309,1
DA:310,1
DA:313,4
DA:314,3
DA:315,7
DA:316,3
DA:317,2
DA:319,2
DA:320,4
DA:326,1
DA:327,3
DA:328,7
DA:330,4
DA:331,3
DA:333,3
DA:334,2
DA:335,1
DA:336,1
DA:337,1
DA:338,1
DA:339,2
DA:341,5
DA:342,7
BRDA:23,2,37,-
BRDA:23,2,53,1
BRDA:23,4,71,-
BRDA:23,4,87,1
BRDA:23,6,105,-
BRDA:23,6,121,1
BRDA:23,8,139,-
BRDA:23,8,155,1
BRDA:23,10,175,-
BRDA:23,10,191,1
BRDA:23,12,219,-
BRDA:23,12,235,1
BRDA:23,14,253,-
BRDA:23,14,269,1
BRDA:23,16,287,-
BRDA:23,16,303,1
BRDA:23,19,37,-
BRDA:23,19,53,1
BRDA:23,21,71,-
BRDA:23,21,87,1
BRDA:23,23,105,-
BRDA:23,23,121,1
BRDA:23,29,40,-
BRDA:23,29,56,1
BRDA:23,33,41,-
BRDA:23,33,57,1
BRDA:23,39,41,-
BRDA:23,39,57,1
end_of_record
SF:/home/nenad/repos/contracts-sui/contracts/sale/tests/prefunded_sale_setup_tests.move
FNF:23
FNH:23
LF:412
LH:356
BRF:62
BRH:31
FN:508,activate_after_close_aborts
FN:492,activate_at_exact_required_inventory_ok
FN:460,activate_insufficient_inventory_aborts
FN:542,activate_with_foreign_ticket_aborts
FN:431,activate_without_vault_aborts
FN:72,create_sale_initializes_in_init_phase
FN:55,create_sale_rejects_inverted_time_range
FN:39,create_sale_rejects_soft_cap_above_hard
FN:23,create_sale_rejects_zero_hard_cap
FN:115,deposit_accumulates_inventory
FN:155,deposit_after_activate_aborts
FN:628,enable_allowlist_emits_event
FN:400,enable_allowlist_twice_aborts
FN:340,pair_rejects_inactive_vault
FN:310,pair_rejects_mismatched_cap
FN:282,pair_rejects_nonempty_vault
FN:368,pair_twice_aborts
FN:598,set_per_buyer_cap_emits_event
FN:171,set_per_buyer_cap_rejects_zero
FN:194,set_per_buyer_cap_twice_aborts
FN:220,set_vesting_schedule_params_fills_option
FN:256,set_vesting_schedule_params_twice_aborts
FN:664,share_and_activate_emits_pairing_and_activation_events
FNDA:1,activate_after_close_aborts
FNDA:1,activate_at_exact_required_inventory_ok
FNDA:1,activate_insufficient_inventory_aborts
FNDA:1,activate_with_foreign_ticket_aborts
FNDA:1,activate_without_vault_aborts
FNDA:1,create_sale_initializes_in_init_phase
FNDA:1,create_sale_rejects_inverted_time_range
FNDA:1,create_sale_rejects_soft_cap_above_hard
FNDA:1,create_sale_rejects_zero_hard_cap
FNDA:1,deposit_accumulates_inventory
FNDA:1,deposit_after_activate_aborts
FNDA:1,enable_allowlist_emits_event
FNDA:1,enable_allowlist_twice_aborts
FNDA:1,pair_rejects_inactive_vault
FNDA:1,pair_rejects_mismatched_cap
FNDA:1,pair_rejects_nonempty_vault
FNDA:1,pair_twice_aborts
FNDA:1,set_per_buyer_cap_emits_event
FNDA:1,set_per_buyer_cap_rejects_zero
FNDA:1,set_per_buyer_cap_twice_aborts
FNDA:1,set_vesting_schedule_params_fills_option
FNDA:1,set_vesting_schedule_params_twice_aborts
FNDA:1,share_and_activate_emits_pairing_and_activation_events
DA:14,31
DA:15,31
DA:16,62
DA:20,31
DA:21,31
DA:22,94
DA:23,188
DA:24,1
DA:25,2
DA:26,1
DA:27,1
DA:28,1
DA:29,1
DA:30,1
DA:38,1
DA:39,2
DA:40,1
DA:41,2
DA:42,1
DA:43,1
DA:44,1
DA:45,1
DA:46,1
DA:54,1
DA:55,2
DA:56,1
DA:57,2
DA:58,1
DA:59,1
DA:60,1
DA:61,1
DA:62,1
DA:71,1
DA:72,2
DA:73,3
DA:74,2
DA:75,1
DA:76,1
DA:77,1
DA:78,1
DA:79,1
DA:82,6
DA:83,3
DA:84,3
DA:85,3
DA:86,3
DA:87,3
DA:88,3
DA:89,6
DA:90,4
DA:92,2
DA:93,3
DA:95,4
DA:96,1
DA:97,2
DA:98,1
DA:99,1
DA:100,1
DA:101,1
DA:102,2
DA:106,2
DA:107,3
DA:114,1
DA:115,2
DA:116,3
DA:123,2
DA:124,1
DA:125,1
DA:126,1
DA:127,1
DA:128,1
DA:131,4
DA:132,4
DA:133,3
DA:134,3
DA:137,2
DA:138,3
DA:140,4
DA:141,5
DA:144,4
DA:145,5
DA:148,2
DA:149,3
DA:154,1
DA:155,3
DA:156,7
DA:158,4
DA:159,3
DA:160,4
DA:170,1
DA:171,2
DA:172,3
DA:179,2
DA:180,1
DA:181,1
DA:182,1
DA:183,1
DA:184,1
DA:186,4
DA:193,1
DA:194,2
DA:195,3
DA:202,2
DA:203,1
DA:204,1
DA:205,1
DA:206,1
DA:207,1
DA:209,4
DA:210,4
DA:219,1
DA:220,2
DA:221,3
DA:228,2
DA:229,1
DA:230,1
DA:231,1
DA:232,1
DA:233,1
DA:235,7
DA:236,6
DA:238,2
DA:241,3
DA:243,4
DA:244,1
DA:245,2
DA:246,5
DA:250,2
DA:251,3
DA:255,1
DA:256,2
DA:257,3
DA:264,2
DA:265,1
DA:266,1
DA:267,1
DA:268,1
DA:269,1
DA:271,7
DA:272,7
DA:281,1
DA:282,3
DA:283,3
DA:284,3
DA:291,2
DA:292,1
DA:293,1
DA:294,1
DA:295,1
DA:296,1
DA:298,4
DA:299,5
DA:300,4
DA:309,1
DA:310,3
DA:311,3
DA:312,3
DA:319,2
DA:320,1
DA:321,1
DA:322,1
DA:323,1
DA:324,1
DA:326,4
DA:327,4
DA:328,4
DA:339,1
DA:340,3
DA:341,3
DA:342,3
DA:349,2
DA:350,1
DA:351,1
DA:352,1
DA:353,1
DA:354,1
DA:356,4
DA:357,3
DA:358,4
DA:367,1
DA:368,3
DA:369,3
DA:370,3
DA:377,2
DA:378,1
DA:379,1
DA:380,1
DA:381,1
DA:382,1
DA:384,4
DA:385,4
DA:386,4
DA:387,4
DA:399,1
DA:400,3
DA:401,3
DA:402,3
DA:409,2
DA:410,1
DA:411,1
DA:412,1
DA:413,1
DA:414,1
DA:416,4
DA:417,3
DA:418,3
DA:430,1
DA:431,3
DA:432,4
DA:433,3
DA:434,3
DA:435,3
DA:442,2
DA:443,1
DA:444,1
DA:445,1
DA:446,1
DA:447,1
DA:449,4
DA:450,3
DA:451,4
DA:459,1
DA:460,3
DA:461,4
DA:462,3
DA:463,3
DA:464,3
DA:471,2
DA:472,1
DA:473,1
DA:474,1
DA:475,1
DA:476,1
DA:478,4
DA:479,4
DA:480,4
DA:481,3
DA:482,4
DA:491,1
DA:492,3
DA:493,7
DA:495,4
DA:496,3
DA:497,6
DA:498,3
DA:499,2
DA:501,2
DA:502,4
DA:507,1
DA:508,3
DA:509,4
DA:510,3
DA:511,3
DA:512,3
DA:519,2
DA:520,1
DA:521,1
DA:522,1
DA:523,1
DA:524,1
DA:526,4
DA:527,4
DA:528,4
DA:529,3
DA:530,4
DA:541,1
DA:542,3
DA:543,4
DA:544,3
DA:545,3
DA:548,3
DA:555,2
DA:556,1
DA:557,1
DA:558,1
DA:559,1
DA:560,1
DA:562,4
DA:563,4
DA:564,4
DA:567,3
DA:574,2
DA:575,1
DA:576,1
DA:577,1
DA:578,1
DA:579,1
DA:581,3
DA:583,4
DA:597,1
DA:598,2
DA:599,3
DA:606,2
DA:607,1
DA:608,1
DA:609,1
DA:610,1
DA:611,1
DA:613,4
DA:614,2
DA:615,3
DA:617,4
DA:618,4
DA:620,2
DA:621,3
DA:627,1
DA:628,2
DA:629,3
DA:636,2
DA:637,1
DA:638,1
DA:639,1
DA:640,1
DA:641,1
DA:643,4
DA:644,3
DA:645,2
DA:646,3
DA:648,4
DA:649,1
DA:650,2
DA:651,2
DA:654,2
DA:655,2
DA:656,3
DA:663,1
DA:664,3
DA:665,4
DA:666,3
DA:667,3
DA:668,3
DA:675,2
DA:676,1
DA:677,1
DA:678,1
DA:679,1
DA:680,1
DA:682,4
DA:683,4
DA:684,3
DA:685,4
DA:686,3
DA:687,3
DA:688,4
DA:689,2
DA:691,2
DA:692,3
DA:694,4
DA:695,3
DA:697,2
DA:698,3
DA:700,4
DA:701,3
DA:704,2
DA:705,2
DA:706,4
BRDA:23,3,29,-
BRDA:23,3,45,1
BRDA:23,5,63,-
BRDA:23,5,79,1
BRDA:23,7,97,-
BRDA:23,7,113,1
BRDA:23,9,131,-
BRDA:23,9,147,1
BRDA:23,11,165,-
BRDA:23,11,181,1
BRDA:23,13,199,-
BRDA:23,13,215,1
BRDA:23,15,233,-
BRDA:23,15,249,1
BRDA:23,17,270,-
BRDA:23,17,286,1
BRDA:23,19,305,-
BRDA:23,19,321,1
BRDA:23,21,341,-
BRDA:23,21,357,1
BRDA:23,23,385,-
BRDA:23,23,401,1
BRDA:23,26,34,-
BRDA:23,26,50,1
BRDA:23,28,68,-
BRDA:23,28,84,1
BRDA:23,30,104,-
BRDA:23,30,120,1
BRDA:23,32,144,-
BRDA:23,32,160,1
BRDA:23,34,184,-
BRDA:23,34,200,1
BRDA:23,40,36,-
BRDA:23,40,52,1
BRDA:23,42,72,-
BRDA:23,42,88,1
BRDA:23,44,115,-
BRDA:23,44,131,1
BRDA:23,52,34,-
BRDA:23,52,52,1
BRDA:23,57,34,-
BRDA:23,57,50,1
BRDA:23,59,68,-
BRDA:23,59,84,1
BRDA:23,64,32,-
BRDA:23,64,48,1
BRDA:23,66,71,-
BRDA:23,66,87,1
BRDA:23,69,30,-
BRDA:23,69,46,1
BRDA:23,71,66,-
BRDA:23,71,82,1
BRDA:23,73,106,-
BRDA:23,73,122,1
BRDA:23,76,66,-
BRDA:23,76,82,1
BRDA:23,78,104,-
BRDA:23,78,120,1
BRDA:23,80,140,-
BRDA:23,80,156,1
BRDA:23,82,178,-
BRDA:23,82,194,1
end_of_record
SF:/home/nenad/repos/contracts-sui/contracts/sale/sources/receipt.move
FNF:8
FNH:8
LF:19
LH:19
BRF:0
BRH:0
FN:100,allocation
FN:80,buyer
FN:149,consume
FN:141,deliver
FN:120,new_receipt
FN:90,paid
FN:109,purchased_at_ms
FN:71,sale_id
FNDA:2,allocation
FNDA:13,buyer
FNDA:9,consume
FNDA:47,deliver
FNDA:49,new_receipt
FNDA:2,paid
FNDA:1,purchased_at_ms
FNDA:13,sale_id
DA:70,65
DA:79,65
DA:89,10
DA:99,10
DA:108,5
DA:119,49
DA:127,98
DA:128,98
DA:129,49
DA:130,49
DA:131,49
DA:132,49
DA:133,49
DA:140,47
DA:141,188
DA:148,9
DA:149,63
DA:150,9
DA:151,54
end_of_record
SF:/home/nenad/repos/contracts-sui/contracts/sale/tests/receipt_tests.move
FNF:1
FNH:1
LF:19
LH:17
BRF:20
BRH:10
FN:16,new_receipt_exposes_fields
FNDA:1,new_receipt_exposes_fields
DA:14,10
DA:15,11
DA:16,22
DA:17,3
DA:18,2
DA:20,18
DA:21,13
DA:22,33
DA:23,63
DA:24,3
DA:25,3
DA:28,6
DA:29,1
DA:30,2
DA:31,2
DA:32,2
DA:33,3
BRDA:23,0,29,-
BRDA:23,0,45,1
BRDA:23,2,63,-
BRDA:23,2,79,1
BRDA:23,4,97,-
BRDA:23,4,113,1
BRDA:23,6,131,-
BRDA:23,6,147,1
BRDA:23,8,165,-
BRDA:23,8,181,1
BRDA:23,10,203,-
BRDA:23,10,219,1
BRDA:23,12,236,-
BRDA:23,12,252,1
BRDA:23,14,269,-
BRDA:23,14,285,1
BRDA:23,16,302,-
BRDA:23,16,318,1
BRDA:23,18,335,-
BRDA:23,18,351,1
end_of_record
SF:/home/nenad/repos/contracts-sui/contracts/sale/sources/refund_vault.move
FNF:24
FNH:23
LF:93
LH:92
BRF:41
BRH:34
FN:350,assert_cap
FN:319,cap_vault_id
FN:180,deposit
FN:223,flip_to_closed
FN:202,flip_to_refunding
FN:328,is_active
FN:354,is_active_state
FN:346,is_closed
FN:368,is_closed_state
FN:337,is_refunding
FN:361,is_refunding_state
FN:144,new
FN:250,release_balance
FN:161,share
FN:301,state
FN:396,test_new_refund_vault_created
FN:402,test_new_vault_deposit
FN:422,test_new_vault_release
FN:412,test_new_vault_state_changed
FN:384,test_state_active
FN:392,test_state_closed
FN:388,test_state_refunding
FN:310,value
FN:279,withdraw_all
FNDA:54,assert_cap
FNDA:66,cap_vault_id
FNDA:17,deposit
FNDA:18,flip_to_closed
FNDA:12,flip_to_refunding
FNDA:66,is_active
FNDA:112,is_active_state
FNDA:2,is_closed
FNDA:4,is_closed_state
FNDA:3,is_refunding
FNDA:8,is_refunding_state
FNDA:82,new
FNDA:5,release_balance
FNDA:58,share
FNDA:1,test_new_refund_vault_created
FNDA:4,test_new_vault_deposit
FNDA:3,test_new_vault_release
FNDA:4,test_new_vault_state_changed
FNDA:4,test_state_active
FNDA:2,test_state_closed
FNDA:2,test_state_refunding
FNDA:73,value
FNDA:2,withdraw_all
DA:143,82
DA:144,164
DA:145,164
DA:146,82
DA:147,82
DA:149,246
DA:150,410
DA:151,246
DA:152,246
DA:160,58
DA:161,174
DA:179,17
DA:180,68
DA:181,83
DA:182,45
DA:183,75
DA:184,66
DA:185,26
DA:186,39
DA:187,13
DA:188,39
DA:189,13
DA:201,12
DA:202,48
DA:203,60
DA:204,48
DA:205,48
DA:206,24
DA:207,36
DA:208,12
DA:209,36
DA:210,12
DA:222,18
DA:223,72
DA:224,93
DA:225,68
DA:226,68
DA:227,34
DA:228,51
DA:229,17
DA:230,51
DA:231,17
DA:249,5
DA:254,20
DA:255,28
DA:256,31
DA:257,15
DA:258,6
DA:259,9
DA:260,3
DA:261,9
DA:263,6
DA:278,2
DA:279,8
DA:280,13
DA:281,4
DA:282,5
DA:283,2
DA:284,3
DA:285,1
DA:286,1
DA:288,2
DA:309,365
DA:318,330
DA:327,330
DA:336,15
DA:345,10
DA:349,54
DA:350,486
DA:353,112
DA:354,1114
DA:355,109
DA:356,9
DA:360,8
DA:361,78
DA:362,7
DA:363,3
DA:367,4
DA:368,35
DA:369,3
DA:370,3
DA:383,12
DA:387,6
DA:391,6
DA:395,1
DA:396,3
DA:401,4
DA:406,20
DA:411,4
DA:416,20
DA:421,3
DA:426,15
BRDA:181,2,8,15
BRDA:181,2,9,1
BRDA:181,3,13,15
BRDA:184,5,25,2
BRDA:184,5,28,13
BRDA:203,8,8,12
BRDA:203,8,9,-
BRDA:203,9,13,12
BRDA:224,12,8,17
BRDA:224,12,9,1
BRDA:224,13,13,17
BRDA:255,16,8,4
BRDA:255,16,9,1
BRDA:255,17,13,4
BRDA:256,19,19,3
BRDA:256,19,20,1
BRDA:256,20,24,3
BRDA:280,23,8,1
BRDA:280,23,9,1
BRDA:280,24,13,1
BRDA:350,33,7,53
BRDA:350,33,8,1
BRDA:350,34,10,53
BRDA:354,37,4,109
BRDA:354,37,9,3
BRDA:354,37,14,-
BRDA:354,38,18,109
BRDA:354,39,18,3
BRDA:354,40,18,-
BRDA:361,42,4,1
BRDA:361,42,9,7
BRDA:361,42,14,-
BRDA:361,43,18,1
BRDA:361,44,18,7
BRDA:361,45,18,-
BRDA:368,47,4,1
BRDA:368,47,9,-
BRDA:368,47,14,3
BRDA:368,48,18,1
BRDA:368,49,18,-
BRDA:368,50,18,3
end_of_record
SF:/home/nenad/repos/contracts-sui/contracts/sale/tests/refund_vault_tests.move
FNF:10
FNH:10
LF:129
LH:111
BRF:60
BRH:30
FN:153,deposit_after_refunding_aborts
FN:33,deposit_then_close_then_withdraw_all
FN:73,deposit_then_refunding_then_release_partial
FN:136,deposit_with_wrong_cap_aborts
FN:113,deposit_zero_is_noop
FN:200,flip_to_closed_from_refunding_aborts
FN:17,new_starts_active_and_empty
FN:164,release_in_active_aborts
FN:176,release_over_locked_aborts
FN:189,withdraw_all_in_active_aborts
FNDA:1,deposit_after_refunding_aborts
FNDA:1,deposit_then_close_then_withdraw_all
FNDA:1,deposit_then_refunding_then_release_partial
FNDA:1,deposit_with_wrong_cap_aborts
FNDA:1,deposit_zero_is_noop
FNDA:1,flip_to_closed_from_refunding_aborts
FNDA:1,new_starts_active_and_empty
FNDA:1,release_in_active_aborts
FNDA:1,release_over_locked_aborts
FNDA:1,withdraw_all_in_active_aborts
DA:14,30
DA:15,30
DA:16,61
DA:17,2
DA:18,4
DA:19,3
DA:20,33
DA:21,34
DA:22,90
DA:23,182
DA:24,3
DA:25,7
DA:27,2
DA:28,3
DA:32,1
DA:33,2
DA:34,4
DA:36,5
DA:37,5
DA:38,3
DA:40,3
DA:41,3
DA:42,4
DA:43,3
DA:44,3
DA:47,3
DA:48,2
DA:49,3
DA:50,8
DA:51,8
DA:52,2
DA:53,3
DA:55,4
DA:56,1
DA:57,1
DA:58,1
DA:59,1
DA:62,2
DA:63,3
DA:64,8
DA:66,2
DA:67,2
DA:68,3
DA:72,1
DA:73,2
DA:74,4
DA:76,5
DA:77,3
DA:78,3
DA:80,5
DA:81,3
DA:82,3
DA:85,3
DA:86,2
DA:87,3
DA:88,8
DA:89,2
DA:90,3
DA:92,4
DA:93,1
DA:94,1
DA:95,1
DA:96,1
DA:99,2
DA:100,3
DA:101,8
DA:103,2
DA:104,2
DA:105,3
DA:112,1
DA:113,2
DA:114,4
DA:116,5
DA:117,3
DA:118,3
DA:120,5
DA:123,5
DA:124,3
DA:126,5
DA:128,2
DA:129,3
DA:135,1
DA:136,2
DA:137,4
DA:138,4
DA:140,5
DA:152,1
DA:153,2
DA:154,4
DA:155,3
DA:156,5
DA:163,1
DA:164,2
DA:165,4
DA:166,5
DA:167,4
DA:175,1
DA:176,2
DA:177,4
DA:178,5
DA:179,3
DA:180,4
DA:188,1
DA:189,2
DA:190,4
DA:191,3
DA:199,1
DA:200,2
DA:201,4
DA:202,3
DA:203,3
BRDA:23,0,20,-
BRDA:23,0,36,1
BRDA:23,2,54,-
BRDA:23,2,70,1
BRDA:23,4,89,-
BRDA:23,4,105,1
BRDA:23,6,125,-
BRDA:23,6,141,1
BRDA:23,8,163,-
BRDA:23,8,179,1
BRDA:23,11,30,-
BRDA:23,11,46,1
BRDA:23,13,67,-
BRDA:23,13,83,1
BRDA:23,15,105,-
BRDA:23,15,121,1
BRDA:23,17,139,-
BRDA:23,17,155,1
BRDA:23,19,178,-
BRDA:23,19,194,1
BRDA:23,21,217,-
BRDA:23,21,233,1
BRDA:23,23,256,-
BRDA:23,23,272,1
BRDA:23,25,292,-
BRDA:23,25,308,1
BRDA:23,27,331,-
BRDA:23,27,347,1
BRDA:23,29,367,-
BRDA:23,29,383,1
BRDA:23,31,406,-
BRDA:23,31,422,1
BRDA:23,34,28,-
BRDA:23,34,44,1
BRDA:23,36,67,-
BRDA:23,36,83,1
BRDA:23,38,101,-
BRDA:23,38,117,1
BRDA:23,40,140,-
BRDA:23,40,156,1
BRDA:23,42,179,-
BRDA:23,42,195,1
BRDA:23,44,215,-
BRDA:23,44,231,1
BRDA:23,46,254,-
BRDA:23,46,270,1
BRDA:23,48,290,-
BRDA:23,48,306,1
BRDA:23,50,329,-
BRDA:23,50,345,1
BRDA:23,53,25,-
BRDA:23,53,41,1
BRDA:23,55,59,-
BRDA:23,55,75,1
BRDA:23,57,95,-
BRDA:23,57,111,1
BRDA:23,59,134,-
BRDA:23,59,150,1
BRDA:23,61,170,-
BRDA:23,61,186,1
end_of_record
SF:/home/nenad/repos/contracts-sui/contracts/sale/tests/test_utils.move
FNF:17
FNH:17
LF:50
LH:50
BRF:3
BRH:2
FN:40,admin
FN:165,buy
FN:42,buyer
FN:44,buyer2
FN:48,closes
FN:78,create_and_activate
FN:92,create_and_activate_full
FN:46,opens
FN:71,pay_balance
FN:159,return_cap
FN:139,return_sale
FN:149,return_vault
FN:66,sale_balance
FN:58,setup
FN:154,take_cap
FN:132,take_sale
FN:144,take_vault
FNDA:65,admin
FNDA:48,buy
FNDA:102,buyer
FNDA:2,buyer2
FNDA:17,closes
FNDA:43,create_and_activate
FNDA:48,create_and_activate_full
FNDA:28,opens
FNDA:70,pay_balance
FNDA:6,return_cap
FNDA:77,return_sale
FNDA:24,return_vault
FNDA:65,sale_balance
FNDA:53,setup
FNDA:12,take_cap
FNDA:110,take_sale
FNDA:35,take_vault
DA:39,195
DA:41,306
DA:43,6
DA:45,84
DA:47,51
DA:57,53
DA:58,159
DA:59,212
DA:60,159
DA:61,159
DA:65,65
DA:66,195
DA:70,70
DA:71,210
DA:77,43
DA:85,473
DA:91,48
DA:102,144
DA:103,144
DA:110,96
DA:111,48
DA:112,48
DA:113,48
DA:114,48
DA:115,48
DA:117,192
DA:118,96
DA:119,12
DA:120,8
DA:122,192
DA:123,192
DA:124,144
DA:125,192
DA:126,96
DA:127,192
DA:131,110
DA:134,330
DA:138,77
DA:139,231
DA:143,35
DA:144,105
DA:148,24
DA:149,72
DA:153,12
DA:154,48
DA:158,6
DA:159,24
DA:164,48
DA:170,288
DA:171,331
BRDA:118,9,19,4
BRDA:118,9,24,44
BRDA:120,10,24,-
end_of_record
SF:/home/nenad/.move/git/https___github_com_MystenLabs_sui_git_718ae563a42fb4ba0d055588f81c704dcef58c25/crates/sui-framework/packages/move-stdlib/sources/address.move
FNF:1
FNH:0
LF:2
LH:0
BRF:0
BRH:0
FN:11,length
end_of_record
SF:/home/nenad/.move/git/https___github_com_MystenLabs_sui_git_718ae563a42fb4ba0d055588f81c704dcef58c25/crates/sui-framework/packages/move-stdlib/sources/ascii.move
FNF:21
FNH:0
LF:83
LH:0
BRF:88
BRH:0
FN:55,all_characters_printable
FN:75,append
FN:94,as_bytes
FN:105,byte
FN:32,char
FN:162,char_to_lowercase
FN:157,char_to_uppercase
FN:143,index_of
FN:80,insert
FN:99,into_bytes
FN:124,is_empty
FN:118,is_printable_char
FN:112,is_valid_char
FN:70,length
FN:65,pop_char
FN:60,push_char
FN:39,string
FN:86,substring
FN:135,to_lowercase
FN:129,to_uppercase
FN:48,try_string
BRDA:32,0,3,-
BRDA:32,0,4,-
BRDA:32,1,6,-
BRDA:40,4,6,-
BRDA:40,4,7,-
BRDA:40,5,9,-
BRDA:179,8,9,-
BRDA:180,9,13,-
BRDA:180,9,32,-
BRDA:306,10,22,-
BRDA:306,10,27,-
BRDA:306,11,36,-
BRDA:180,12,9,-
BRDA:305,13,36,-
BRDA:49,14,38,-
BRDA:49,14,43,-
BRDA:49,15,45,-
BRDA:49,16,45,-
BRDA:179,18,10,-
BRDA:180,19,14,-
BRDA:180,19,33,-
BRDA:306,20,23,-
BRDA:306,20,28,-
BRDA:306,21,37,-
BRDA:180,22,10,-
BRDA:305,23,37,-
BRDA:80,29,6,-
BRDA:80,29,7,-
BRDA:80,30,11,-
BRDA:179,32,21,-
BRDA:180,33,25,-
BRDA:180,33,40,-
BRDA:180,34,21,-
BRDA:86,36,4,-
BRDA:86,36,10,-
BRDA:86,37,12,-
BRDA:86,38,12,-
BRDA:86,39,14,-
BRDA:86,39,15,-
BRDA:86,40,19,-
BRDA:179,42,25,-
BRDA:180,43,29,-
BRDA:180,43,43,-
BRDA:180,44,25,-
BRDA:118,50,4,-
BRDA:118,50,9,-
BRDA:118,51,11,-
BRDA:118,52,11,-
BRDA:179,55,14,-
BRDA:180,56,18,-
BRDA:180,56,38,-
BRDA:180,57,14,-
BRDA:179,59,14,-
BRDA:180,60,18,-
BRDA:180,60,38,-
BRDA:180,61,14,-
BRDA:145,63,12,-
BRDA:145,63,18,-
BRDA:146,65,24,-
BRDA:146,65,71,-
BRDA:147,66,26,-
BRDA:148,67,30,-
BRDA:148,67,46,-
BRDA:148,68,31,-
BRDA:148,69,49,-
BRDA:148,70,49,-
BRDA:148,71,51,-
BRDA:148,71,56,-
BRDA:148,72,26,-
BRDA:149,73,60,-
BRDA:149,73,66,-
BRDA:146,75,18,-
BRDA:157,77,4,-
BRDA:157,77,9,-
BRDA:157,78,11,-
BRDA:157,79,11,-
BRDA:157,80,13,-
BRDA:157,80,18,-
BRDA:157,81,20,-
BRDA:157,82,20,-
BRDA:162,84,4,-
BRDA:162,84,9,-
BRDA:162,85,11,-
BRDA:162,86,11,-
BRDA:162,87,13,-
BRDA:162,87,18,-
BRDA:162,88,20,-
BRDA:162,89,20,-
end_of_record
SF:/home/nenad/.move/git/https___github_com_MystenLabs_sui_git_718ae563a42fb4ba0d055588f81c704dcef58c25/crates/sui-framework/packages/move-stdlib/tests/ascii_tests.move
FNF:21
FNH:0
LF:128
LH:0
BRF:123
BRH:0
FN:119,append
FN:14,ascii_chars
FN:39,ascii_push_char_pop_char
FN:27,ascii_push_chars
FN:159,index_of
FN:191,insert
FN:201,insert_empty
FN:208,insert_out_of_bounds_fail
FN:89,invalid_ascii_characters
FN:100,nonvisible_chars
FN:61,printable_chars
FN:83,printable_chars_dont_allow_newline
FN:77,printable_chars_dont_allow_tab
FN:139,substring
FN:173,substring_i_out_of_bounds_fail
FN:179,substring_j_lt_i_fail
FN:185,substring_j_out_of_bounds_fail
FN:146,substring_len_one
FN:153,substring_len_zero
FN:133,to_lowercase
FN:127,to_uppercase
BRDA:178,0,4,-
BRDA:180,1,8,-
BRDA:180,1,34,-
BRDA:15,2,18,-
BRDA:15,2,19,-
BRDA:15,3,23,-
BRDA:180,5,4,-
BRDA:23,6,52,-
BRDA:23,6,68,-
BRDA:21,8,76,-
BRDA:21,8,77,-
BRDA:21,9,79,-
BRDA:23,11,96,-
BRDA:23,11,112,-
BRDA:178,14,5,-
BRDA:180,15,9,-
BRDA:180,15,20,-
BRDA:180,16,5,-
BRDA:23,17,35,-
BRDA:23,17,51,-
BRDA:23,19,69,-
BRDA:23,19,85,-
BRDA:34,21,93,-
BRDA:34,21,94,-
BRDA:34,22,96,-
BRDA:41,25,5,-
BRDA:43,26,9,-
BRDA:43,26,19,-
BRDA:43,27,10,-
BRDA:43,28,5,-
BRDA:48,29,23,-
BRDA:48,29,65,-
BRDA:23,30,40,-
BRDA:23,30,56,-
BRDA:48,32,19,-
BRDA:23,33,80,-
BRDA:23,33,96,-
BRDA:23,35,114,-
BRDA:23,35,130,-
BRDA:56,37,137,-
BRDA:56,37,138,-
BRDA:56,38,140,-
BRDA:63,41,4,-
BRDA:65,42,8,-
BRDA:65,42,23,-
BRDA:65,43,9,-
BRDA:66,44,12,-
BRDA:66,44,13,-
BRDA:66,45,15,-
BRDA:65,47,4,-
BRDA:72,48,29,-
BRDA:72,48,30,-
BRDA:72,49,32,-
BRDA:78,52,7,-
BRDA:78,52,8,-
BRDA:78,53,10,-
BRDA:84,56,7,-
BRDA:84,56,8,-
BRDA:84,57,10,-
BRDA:89,60,2,-
BRDA:91,61,6,-
BRDA:91,61,22,-
BRDA:91,62,7,-
BRDA:93,63,14,-
BRDA:93,63,15,-
BRDA:93,64,17,-
BRDA:91,66,2,-
BRDA:100,68,2,-
BRDA:102,69,6,-
BRDA:102,69,23,-
BRDA:102,70,7,-
BRDA:104,71,15,-
BRDA:104,71,16,-
BRDA:104,72,18,-
BRDA:102,74,2,-
BRDA:108,75,25,-
BRDA:110,76,29,-
BRDA:110,76,45,-
BRDA:112,77,37,-
BRDA:112,77,38,-
BRDA:112,78,40,-
BRDA:110,80,25,-
BRDA:23,82,21,-
BRDA:23,82,37,-
BRDA:23,85,18,-
BRDA:23,85,34,-
BRDA:23,88,18,-
BRDA:23,88,34,-
BRDA:23,91,20,-
BRDA:23,91,36,-
BRDA:23,93,57,-
BRDA:23,93,73,-
BRDA:23,96,20,-
BRDA:23,96,36,-
BRDA:23,98,57,-
BRDA:23,98,73,-
BRDA:154,101,11,-
BRDA:154,101,12,-
BRDA:154,102,14,-
BRDA:23,105,23,-
BRDA:23,105,39,-
BRDA:23,107,63,-
BRDA:23,107,79,-
BRDA:23,109,103,-
BRDA:23,109,119,-
BRDA:23,111,144,-
BRDA:23,111,160,-
BRDA:23,113,184,-
BRDA:23,113,200,-
BRDA:23,115,224,-
BRDA:23,115,240,-
BRDA:23,117,264,-
BRDA:23,117,280,-
BRDA:23,119,304,-
BRDA:23,119,320,-
BRDA:23,121,347,-
BRDA:23,121,363,-
BRDA:23,127,22,-
BRDA:23,127,38,-
BRDA:23,129,61,-
BRDA:23,129,77,-
BRDA:23,132,22,-
BRDA:23,132,38,-
end_of_record
SF:/home/nenad/.move/git/https___github_com_MystenLabs_sui_git_718ae563a42fb4ba0d055588f81c704dcef58c25/crates/sui-framework/packages/move-stdlib/sources/bcs.move
FNF:1
FNH:1
LF:1
LH:1
BRF:0
BRH:0
FN:12,to_bytes
FNDA:182,to_bytes
DA:11,182
end_of_record
SF:/home/nenad/.move/git/https___github_com_MystenLabs_sui_git_718ae563a42fb4ba0d055588f81c704dcef58c25/crates/sui-framework/packages/move-stdlib/tests/bcs_tests.move
FNF:17
FNH:0
LF:52
LH:0
BRF:18
BRH:0
FN:22,bcs_address
FN:29,bcs_bool
FN:59,bcs_u128
FN:41,bcs_u16
FN:65,bcs_u256
FN:47,bcs_u32
FN:53,bcs_u64
FN:35,bcs_u8
FN:71,bcs_vec_u8
FN:97,box127
FN:85,box15
FN:77,box3
FN:89,box31
FN:93,box63
FN:81,box7
FN:102,encode_128
FN:108,encode_129
BRDA:23,0,16,-
BRDA:23,0,32,-
BRDA:23,3,16,-
BRDA:23,3,32,-
BRDA:23,6,16,-
BRDA:23,6,32,-
BRDA:23,9,16,-
BRDA:23,9,32,-
BRDA:23,12,16,-
BRDA:23,12,32,-
BRDA:23,15,16,-
BRDA:23,15,32,-
BRDA:23,18,16,-
BRDA:23,18,32,-
BRDA:23,21,16,-
BRDA:23,21,32,-
BRDA:23,24,16,-
BRDA:23,24,32,-
end_of_record
SF:/home/nenad/.move/git/https___github_com_MystenLabs_sui_git_718ae563a42fb4ba0d055588f81c704dcef58c25/crates/sui-framework/packages/move-stdlib/sources/bit_vector.move
FNF:8
FNH:0
LF:50
LH:0
BRF:53
BRH:0
FN:83,is_index_set
FN:89,length
FN:96,longest_set_sequence_starting_at
FN:22,new
FN:39,set
FN:54,shift_left
FN:46,unset
FN:110,word_size
BRDA:22,0,4,-
BRDA:22,0,5,-
BRDA:22,1,7,-
BRDA:23,3,11,-
BRDA:23,3,12,-
BRDA:23,4,14,-
BRDA:25,6,18,-
BRDA:26,7,22,-
BRDA:26,7,30,-
BRDA:26,8,18,-
BRDA:39,10,6,-
BRDA:39,10,7,-
BRDA:39,11,11,-
BRDA:46,14,6,-
BRDA:46,14,7,-
BRDA:46,15,11,-
BRDA:54,18,6,-
BRDA:54,18,33,-
BRDA:56,19,12,-
BRDA:57,20,16,-
BRDA:57,20,30,-
BRDA:57,21,17,-
BRDA:57,22,12,-
BRDA:54,23,86,-
BRDA:63,24,35,-
BRDA:65,25,41,-
BRDA:65,25,63,-
BRDA:65,26,42,-
BRDA:66,27,47,-
BRDA:66,27,53,-
BRDA:66,28,58,-
BRDA:67,29,58,-
BRDA:65,30,35,-
BRDA:71,31,69,-
BRDA:73,32,75,-
BRDA:73,32,84,-
BRDA:73,33,76,-
BRDA:73,34,69,-
BRDA:54,35,86,-
BRDA:83,37,6,-
BRDA:83,37,7,-
BRDA:83,38,11,-
BRDA:96,42,6,-
BRDA:96,42,7,-
BRDA:96,43,11,-
BRDA:97,45,13,-
BRDA:100,46,19,-
BRDA:100,46,33,-
BRDA:101,47,24,-
BRDA:101,47,28,-
BRDA:101,48,25,-
BRDA:101,49,33,-
BRDA:100,50,13,-
end_of_record
SF:/home/nenad/.move/git/https___github_com_MystenLabs_sui_git_718ae563a42fb4ba0d055588f81c704dcef58c25/crates/sui-framework/packages/move-stdlib/tests/bit_vector_tests.move
FNF:18
FNH:0
LF:130
LH:0
BRF:131
BRH:0
FN:13,bitvector_set_unset_of_size
FN:217,empty_bitvector
FN:54,index_bit_out_of_bounds
FN:83,longest_sequence_no_set_nonzero_index
FN:70,longest_sequence_no_set_zero_index
FN:76,longest_sequence_one_set_zero_index
FN:89,longest_sequence_two_set_nonzero_index
FN:97,longest_sequence_with_break
FN:60,set_bit_and_index_basic
FN:65,set_bit_and_index_odd_size
FN:42,set_bit_out_of_bounds
FN:116,shift_left
FN:191,shift_left_at_size
FN:210,shift_left_more_than_size
FN:136,shift_left_specific_amount
FN:159,shift_left_specific_amount_to_unset_bit
FN:222,single_bit_bitvector
FN:48,unset_bit_out_of_bounds
BRDA:14,0,5,-
BRDA:15,1,9,-
BRDA:15,1,43,-
BRDA:15,2,10,-
BRDA:17,3,17,-
BRDA:17,3,18,-
BRDA:17,4,20,-
BRDA:19,6,26,-
BRDA:20,7,5,-
BRDA:20,7,30,-
BRDA:21,8,35,-
BRDA:21,8,36,-
BRDA:21,9,38,-
BRDA:20,11,26,-
BRDA:26,12,45,-
BRDA:28,13,49,-
BRDA:28,13,83,-
BRDA:30,14,57,-
BRDA:30,14,58,-
BRDA:30,15,60,-
BRDA:33,17,67,-
BRDA:33,18,45,-
BRDA:33,18,71,-
BRDA:34,19,75,-
BRDA:34,19,76,-
BRDA:34,20,78,-
BRDA:33,22,67,-
BRDA:71,29,9,-
BRDA:71,29,10,-
BRDA:71,30,12,-
BRDA:78,33,12,-
BRDA:78,33,13,-
BRDA:78,34,15,-
BRDA:84,37,9,-
BRDA:84,37,10,-
BRDA:84,38,12,-
BRDA:92,41,15,-
BRDA:92,41,16,-
BRDA:92,42,18,-
BRDA:98,45,5,-
BRDA:99,46,9,-
BRDA:99,46,18,-
BRDA:99,47,10,-
BRDA:99,48,5,-
BRDA:104,49,22,-
BRDA:105,50,26,-
BRDA:105,50,35,-
BRDA:105,51,27,-
BRDA:105,52,22,-
BRDA:109,53,41,-
BRDA:109,53,42,-
BRDA:109,54,44,-
BRDA:110,56,50,-
BRDA:110,56,51,-
BRDA:110,57,53,-
BRDA:111,59,59,-
BRDA:111,59,60,-
BRDA:111,60,62,-
BRDA:119,63,7,-
BRDA:120,64,11,-
BRDA:120,64,20,-
BRDA:120,65,12,-
BRDA:120,66,7,-
BRDA:125,67,24,-
BRDA:126,68,28,-
BRDA:126,68,52,-
BRDA:126,69,29,-
BRDA:127,70,33,-
BRDA:127,70,34,-
BRDA:127,71,36,-
BRDA:129,73,44,-
BRDA:129,73,45,-
BRDA:129,74,47,-
BRDA:126,76,24,-
BRDA:141,78,14,-
BRDA:141,78,15,-
BRDA:141,79,17,-
BRDA:144,81,26,-
BRDA:144,81,27,-
BRDA:144,82,29,-
BRDA:145,84,34,-
BRDA:145,84,35,-
BRDA:145,85,37,-
BRDA:150,87,44,-
BRDA:151,88,48,-
BRDA:151,88,61,-
BRDA:152,89,53,-
BRDA:152,89,54,-
BRDA:152,90,56,-
BRDA:151,92,44,-
BRDA:164,94,11,-
BRDA:166,95,15,-
BRDA:166,95,24,-
BRDA:166,96,16,-
BRDA:166,97,11,-
BRDA:172,98,32,-
BRDA:172,98,33,-
BRDA:172,99,35,-
BRDA:176,101,40,-
BRDA:178,102,44,-
BRDA:178,102,82,-
BRDA:180,103,50,-
BRDA:180,103,54,-
BRDA:180,104,51,-
BRDA:180,105,60,-
BRDA:180,106,60,-
BRDA:180,107,62,-
BRDA:180,107,70,-
BRDA:181,108,67,-
BRDA:181,108,68,-
BRDA:181,109,77,-
BRDA:183,111,74,-
BRDA:183,111,75,-
BRDA:183,112,77,-
BRDA:178,114,40,-
BRDA:194,116,7,-
BRDA:195,117,11,-
BRDA:195,117,20,-
BRDA:195,118,12,-
BRDA:195,119,7,-
BRDA:201,120,29,-
BRDA:202,121,33,-
BRDA:202,121,47,-
BRDA:202,122,34,-
BRDA:203,123,39,-
BRDA:203,123,40,-
BRDA:203,124,42,-
BRDA:202,126,29,-
BRDA:223,130,8,-
BRDA:223,130,9,-
BRDA:223,131,11,-
end_of_record
SF:/home/nenad/.move/git/https___github_com_MystenLabs_sui_git_718ae563a42fb4ba0d055588f81c704dcef58c25/crates/sui-framework/packages/move-stdlib/sources/bool.move
FNF:0
FNH:0
LF:0
LH:0
BRF:0
BRH:0
end_of_record
SF:/home/nenad/.move/git/https___github_com_MystenLabs_sui_git_718ae563a42fb4ba0d055588f81c704dcef58c25/crates/sui-framework/packages/move-stdlib/sources/debug.move
FNF:2
FNH:0
LF:2
LH:0
BRF:0
BRH:0
FN:8,print
FN:10,print_stack_trace
end_of_record
SF:/home/nenad/.move/git/https___github_com_MystenLabs_sui_git_718ae563a42fb4ba0d055588f81c704dcef58c25/crates/sui-framework/packages/move-stdlib/sources/fixed_point32.move
FNF:6
FNH:0
LF:25
LH:0
BRF:22
BRH:0
FN:82,create_from_rational
FN:99,create_from_raw_value
FN:58,divide_u64
FN:106,get_raw_value
FN:111,is_zero
FN:42,multiply_u64
BRDA:50,0,14,-
BRDA:50,0,15,-
BRDA:50,1,17,-
BRDA:59,4,6,-
BRDA:59,4,7,-
BRDA:59,5,9,-
BRDA:65,7,23,-
BRDA:65,7,24,-
BRDA:65,8,26,-
BRDA:88,11,14,-
BRDA:88,11,15,-
BRDA:88,12,17,-
BRDA:90,14,25,-
BRDA:90,14,28,-
BRDA:90,15,32,-
BRDA:90,16,32,-
BRDA:90,17,34,-
BRDA:90,17,35,-
BRDA:90,18,37,-
BRDA:93,20,41,-
BRDA:93,20,42,-
BRDA:93,21,44,-
end_of_record
SF:/home/nenad/.move/git/https___github_com_MystenLabs_sui_git_718ae563a42fb4ba0d055588f81c704dcef58c25/crates/sui-framework/packages/move-stdlib/tests/fixedpoint32_tests.move
FNF:13
FNH:0
LF:52
LH:0
BRF:13
BRH:0
FN:14,create_div_zero
FN:103,create_from_rational_max_numerator_denominator
FN:20,create_overflow
FN:27,create_underflow
FN:34,create_zero
FN:40,divide_by_zero
FN:54,divide_overflow_large_numerator
FN:47,divide_overflow_small_divisore
FN:82,exact_divide
FN:75,exact_multiply
FN:68,multiply_overflow_large_multiplier
FN:61,multiply_overflow_small_multiplier
FN:89,multiply_truncates
BRDA:35,3,5,-
BRDA:35,3,6,-
BRDA:35,4,8,-
BRDA:23,12,19,-
BRDA:23,12,35,-
BRDA:23,15,19,-
BRDA:23,15,35,-
BRDA:23,18,19,-
BRDA:23,18,35,-
BRDA:23,20,60,-
BRDA:23,20,76,-
BRDA:23,23,16,-
BRDA:23,23,32,-
end_of_record
SF:/home/nenad/.move/git/https___github_com_MystenLabs_sui_git_718ae563a42fb4ba0d055588f81c704dcef58c25/crates/sui-framework/packages/move-stdlib/sources/hash.move
FNF:2
FNH:0
LF:2
LH:0
BRF:0
BRH:0
FN:11,sha2_256
FN:12,sha3_256
end_of_record
SF:/home/nenad/.move/git/https___github_com_MystenLabs_sui_git_718ae563a42fb4ba0d055588f81c704dcef58c25/crates/sui-framework/packages/move-stdlib/tests/hash_tests.move
FNF:2
FNH:0
LF:13
LH:0
BRF:4
BRH:0
FN:14,sha2_256_expected_hash
FN:21,sha3_256_expected_hash
BRDA:23,0,14,-
BRDA:23,0,30,-
BRDA:23,3,14,-
BRDA:23,3,30,-
end_of_record
SF:/home/nenad/.move/git/https___github_com_MystenLabs_sui_git_718ae563a42fb4ba0d055588f81c704dcef58c25/crates/sui-framework/packages/move-stdlib/tests/integer_tests.move
FNF:0
FNH:0
LF:0
LH:0
BRF:0
BRH:0
end_of_record
SF:/home/nenad/.move/git/https___github_com_MystenLabs_sui_git_718ae563a42fb4ba0d055588f81c704dcef58c25/crates/sui-framework/packages/move-stdlib/sources/internal.move
FNF:1
FNH:0
LF:1
LH:0
BRF:0
BRH:0
FN:39,permit
end_of_record
SF:/home/nenad/.move/git/https___github_com_MystenLabs_sui_git_718ae563a42fb4ba0d055588f81c704dcef58c25/crates/sui-framework/packages/move-stdlib/sources/macros.move
FNF:0
FNH:0
LF:0
LH:0
BRF:0
BRH:0
end_of_record
SF:/home/nenad/.move/git/https___github_com_MystenLabs_sui_git_718ae563a42fb4ba0d055588f81c704dcef58c25/crates/sui-framework/packages/move-stdlib/sources/option.move
FNF:17
FNH:10
LF:55
LH:30
BRF:37
BRH:10
FN:49,borrow
FN:84,borrow_mut
FN:56,borrow_with_default
FN:43,contains
FN:127,destroy_none
FN:117,destroy_some
FN:110,destroy_with_default
FN:77,extract
FN:70,fill
FN:63,get_with_default
FN:32,is_none
FN:37,is_some
FN:22,none
FN:27,some
FN:91,swap
FN:102,swap_or_fill
FN:135,to_vec
FNDA:58,borrow
FNDA:4,borrow_mut
FNDA:49,destroy_none
FNDA:183,destroy_some
FNDA:137,fill
FNDA:185,is_none
FNDA:543,is_some
FNDA:696,none
FNDA:4,some
FNDA:213,to_vec
DA:21,696
DA:22,2088
DA:26,4
DA:27,16
DA:31,185
DA:32,740
DA:36,543
DA:37,2715
DA:48,58
DA:49,232
DA:50,290
DA:69,137
DA:70,411
DA:71,1233
DA:83,4
DA:84,20
DA:85,20
DA:116,183
DA:117,732
DA:118,549
DA:119,549
DA:120,366
DA:121,366
DA:126,49
DA:127,196
DA:128,98
DA:129,98
DA:134,213
DA:135,426
DA:136,213
BRDA:49,5,3,58
BRDA:49,5,4,-
BRDA:49,6,8,58
BRDA:57,9,6,-
BRDA:57,9,11,-
BRDA:57,10,17,-
BRDA:57,11,17,-
BRDA:64,13,6,-
BRDA:64,13,11,-
BRDA:64,14,16,-
BRDA:64,15,16,-
BRDA:71,17,7,137
BRDA:71,17,8,-
BRDA:71,18,12,137
BRDA:77,21,4,-
BRDA:77,21,5,-
BRDA:77,22,9,-
BRDA:84,25,4,4
BRDA:84,25,5,-
BRDA:84,26,9,4
BRDA:91,29,4,-
BRDA:91,29,5,-
BRDA:91,30,9,-
BRDA:103,33,7,-
BRDA:103,33,10,-
BRDA:103,34,14,-
BRDA:103,35,14,-
BRDA:111,37,6,-
BRDA:111,37,9,-
BRDA:111,38,12,-
BRDA:111,39,12,-
BRDA:117,41,3,183
BRDA:117,41,4,-
BRDA:117,42,6,183
BRDA:127,45,3,49
BRDA:127,45,4,-
BRDA:127,46,6,49
end_of_record
SF:/home/nenad/.move/git/https___github_com_MystenLabs_sui_git_718ae563a42fb4ba0d055588f81c704dcef58c25/crates/sui-framework/packages/move-stdlib/tests/option_tests.move
FNF:41
FNH:0
LF:218
LH:0
BRF:369
BRH:0
FN:256,and_no_drop
FN:59,borrow_mut_none
FN:51,borrow_mut_some
FN:64,borrow_with_default
FN:147,destroy_none
FN:152,destroy_none_some
FN:285,destroy_or
FN:295,destroy_or_no_drop
FN:137,destroy_some
FN:142,destroy_some_none
FN:131,destroy_with_default
FN:175,do_destroy
FN:196,do_ref_mut
FN:87,extract_none
FN:304,extract_or
FN:80,extract_some
FN:118,fill_none
FN:126,fill_some
FN:272,filter
FN:322,fold
FN:348,fold_mut
FN:328,fold_no_drop
FN:342,fold_ref
FN:72,get_with_default
FN:165,into_vec_none
FN:157,into_vec_some
FN:315,is_none_or
FN:278,is_some_and
FN:211,map_map_ref
FN:219,map_mut
FN:229,map_no_drop
FN:46,option_borrow_none
FN:38,option_borrow_some
FN:27,option_contains
FN:13,option_none_is_none
FN:20,option_some_is_some
FN:244,or_no_drop
FN:113,swap_none
FN:106,swap_or_fill_none
FN:99,swap_or_fill_some
FN:92,swap_some
BRDA:14,0,5,-
BRDA:14,0,6,-
BRDA:14,1,8,-
BRDA:15,3,12,-
BRDA:15,3,13,-
BRDA:15,4,15,-
BRDA:21,7,7,-
BRDA:21,7,8,-
BRDA:21,8,10,-
BRDA:22,10,13,-
BRDA:22,10,14,-
BRDA:22,11,16,-
BRDA:30,14,16,-
BRDA:30,14,17,-
BRDA:30,15,19,-
BRDA:31,17,27,-
BRDA:31,17,28,-
BRDA:31,18,30,-
BRDA:32,20,39,-
BRDA:32,20,40,-
BRDA:32,21,42,-
BRDA:33,23,51,-
BRDA:33,23,52,-
BRDA:33,24,54,-
BRDA:23,27,21,-
BRDA:23,27,37,-
BRDA:23,29,56,-
BRDA:23,29,72,-
BRDA:23,33,24,-
BRDA:23,33,40,-
BRDA:23,37,25,-
BRDA:23,37,41,-
BRDA:23,39,65,-
BRDA:23,39,81,-
BRDA:23,42,20,-
BRDA:23,42,36,-
BRDA:23,44,55,-
BRDA:23,44,71,-
BRDA:23,47,17,-
BRDA:23,47,33,-
BRDA:82,49,40,-
BRDA:82,49,41,-
BRDA:82,50,43,-
BRDA:23,54,18,-
BRDA:23,54,34,-
BRDA:23,56,53,-
BRDA:23,56,69,-
BRDA:23,59,19,-
BRDA:23,59,35,-
BRDA:23,61,54,-
BRDA:23,61,70,-
BRDA:23,64,17,-
BRDA:23,64,33,-
BRDA:23,66,52,-
BRDA:23,66,68,-
BRDA:120,70,8,-
BRDA:120,70,9,-
BRDA:120,71,11,-
BRDA:23,73,26,-
BRDA:23,73,42,-
BRDA:23,77,15,-
BRDA:23,77,31,-
BRDA:23,79,51,-
BRDA:23,79,67,-
BRDA:23,82,15,-
BRDA:23,82,31,-
BRDA:23,88,18,-
BRDA:23,88,34,-
BRDA:23,90,52,-
BRDA:23,90,68,-
BRDA:166,93,6,-
BRDA:166,93,7,-
BRDA:166,94,9,-
BRDA:150,97,8,-
BRDA:150,97,12,-
BRDA:176,98,14,-
BRDA:150,99,14,-
BRDA:150,100,20,-
BRDA:150,100,28,-
BRDA:150,101,30,-
BRDA:150,102,30,-
BRDA:23,103,43,-
BRDA:23,103,59,-
BRDA:150,105,74,-
BRDA:150,105,79,-
BRDA:150,106,81,-
BRDA:150,107,81,-
BRDA:150,108,86,-
BRDA:150,108,91,-
BRDA:150,109,93,-
BRDA:150,110,93,-
BRDA:150,111,99,-
BRDA:150,111,103,-
BRDA:150,112,105,-
BRDA:150,113,105,-
BRDA:150,114,111,-
BRDA:150,114,115,-
BRDA:150,115,117,-
BRDA:150,116,117,-
BRDA:150,117,123,-
BRDA:150,117,127,-
BRDA:150,118,129,-
BRDA:150,119,129,-
BRDA:150,120,135,-
BRDA:150,120,139,-
BRDA:150,121,141,-
BRDA:150,122,141,-
BRDA:162,124,11,-
BRDA:162,124,18,-
BRDA:198,125,20,-
BRDA:162,126,20,-
BRDA:156,127,25,-
BRDA:156,127,30,-
BRDA:156,128,32,-
BRDA:156,129,32,-
BRDA:23,130,45,-
BRDA:23,130,61,-
BRDA:156,132,70,-
BRDA:156,132,75,-
BRDA:156,133,77,-
BRDA:156,134,77,-
BRDA:156,135,82,-
BRDA:156,135,86,-
BRDA:156,136,88,-
BRDA:156,137,88,-
BRDA:162,138,94,-
BRDA:162,138,98,-
BRDA:162,139,100,-
BRDA:162,140,100,-
BRDA:162,141,106,-
BRDA:162,141,110,-
BRDA:162,142,112,-
BRDA:162,143,112,-
BRDA:200,145,6,-
BRDA:200,145,12,-
BRDA:200,146,16,-
BRDA:200,147,16,-
BRDA:23,148,30,-
BRDA:23,148,46,-
BRDA:213,150,58,-
BRDA:213,150,65,-
BRDA:213,151,69,-
BRDA:213,152,69,-
BRDA:23,153,83,-
BRDA:23,153,99,-
BRDA:200,155,108,-
BRDA:200,155,114,-
BRDA:200,156,118,-
BRDA:200,157,118,-
BRDA:23,158,131,-
BRDA:23,158,147,-
BRDA:213,160,158,-
BRDA:213,160,165,-
BRDA:213,161,169,-
BRDA:213,162,169,-
BRDA:23,163,182,-
BRDA:23,163,198,-
BRDA:220,166,9,-
BRDA:220,166,21,-
BRDA:220,167,25,-
BRDA:220,168,25,-
BRDA:23,169,39,-
BRDA:23,169,55,-
BRDA:23,171,74,-
BRDA:23,171,90,-
BRDA:220,173,102,-
BRDA:220,173,114,-
BRDA:220,174,118,-
BRDA:220,175,118,-
BRDA:23,176,131,-
BRDA:23,176,147,-
BRDA:200,179,5,-
BRDA:200,179,13,-
BRDA:200,180,17,-
BRDA:200,181,17,-
BRDA:200,182,26,-
BRDA:200,182,34,-
BRDA:200,183,38,-
BRDA:200,184,38,-
BRDA:23,185,53,-
BRDA:23,185,69,-
BRDA:23,187,87,-
BRDA:23,187,103,-
BRDA:169,190,5,-
BRDA:169,190,8,-
BRDA:169,191,14,-
BRDA:169,192,14,-
BRDA:169,193,23,-
BRDA:169,193,26,-
BRDA:169,194,32,-
BRDA:169,195,32,-
BRDA:247,196,37,-
BRDA:247,196,38,-
BRDA:247,197,40,-
BRDA:248,199,43,-
BRDA:248,199,44,-
BRDA:248,200,46,-
BRDA:181,203,5,-
BRDA:181,203,13,-
BRDA:181,204,17,-
BRDA:181,205,17,-
BRDA:181,206,26,-
BRDA:181,206,34,-
BRDA:181,207,38,-
BRDA:181,208,38,-
BRDA:23,209,52,-
BRDA:23,209,68,-
BRDA:23,211,85,-
BRDA:23,211,101,-
BRDA:226,214,6,-
BRDA:226,214,13,-
BRDA:226,215,15,-
BRDA:226,216,15,-
BRDA:226,217,17,-
BRDA:226,217,20,-
BRDA:226,218,22,-
BRDA:226,219,22,-
BRDA:272,220,27,-
BRDA:272,220,28,-
BRDA:272,221,30,-
BRDA:226,223,36,-
BRDA:226,223,43,-
BRDA:226,224,45,-
BRDA:226,225,45,-
BRDA:226,226,47,-
BRDA:226,226,50,-
BRDA:226,227,52,-
BRDA:226,228,52,-
BRDA:273,229,56,-
BRDA:273,229,57,-
BRDA:273,230,59,-
BRDA:232,233,8,-
BRDA:232,233,15,-
BRDA:232,234,19,-
BRDA:232,235,19,-
BRDA:278,236,21,-
BRDA:278,236,22,-
BRDA:278,237,24,-
BRDA:232,239,32,-
BRDA:232,239,39,-
BRDA:232,240,43,-
BRDA:232,241,43,-
BRDA:279,242,46,-
BRDA:279,242,47,-
BRDA:279,243,49,-
BRDA:232,245,56,-
BRDA:232,245,63,-
BRDA:232,246,67,-
BRDA:232,247,67,-
BRDA:280,248,70,-
BRDA:280,248,71,-
BRDA:280,249,73,-
BRDA:285,252,5,-
BRDA:285,252,9,-
BRDA:285,253,13,-
BRDA:285,254,13,-
BRDA:23,255,26,-
BRDA:23,255,42,-
BRDA:285,257,52,-
BRDA:285,257,56,-
BRDA:285,258,60,-
BRDA:285,259,60,-
BRDA:23,260,73,-
BRDA:23,260,89,-
BRDA:285,262,101,-
BRDA:285,262,105,-
BRDA:285,263,109,-
BRDA:285,264,109,-
BRDA:23,265,122,-
BRDA:23,265,138,-
BRDA:290,267,145,-
BRDA:290,267,146,-
BRDA:290,268,148,-
BRDA:285,271,5,-
BRDA:285,271,9,-
BRDA:285,272,14,-
BRDA:285,273,14,-
BRDA:285,274,23,-
BRDA:285,274,24,-
BRDA:285,275,28,-
BRDA:274,278,8,-
BRDA:274,278,12,-
BRDA:274,279,16,-
BRDA:274,280,16,-
BRDA:23,281,29,-
BRDA:23,281,45,-
BRDA:306,283,52,-
BRDA:306,283,53,-
BRDA:306,284,55,-
BRDA:274,286,64,-
BRDA:274,286,68,-
BRDA:274,287,72,-
BRDA:274,288,72,-
BRDA:23,289,85,-
BRDA:23,289,101,-
BRDA:310,291,108,-
BRDA:310,291,109,-
BRDA:310,292,111,-
BRDA:239,295,8,-
BRDA:239,295,13,-
BRDA:239,296,19,-
BRDA:239,297,19,-
BRDA:315,298,21,-
BRDA:315,298,22,-
BRDA:315,299,24,-
BRDA:239,301,32,-
BRDA:239,301,37,-
BRDA:239,302,43,-
BRDA:239,303,43,-
BRDA:316,304,46,-
BRDA:316,304,47,-
BRDA:316,305,49,-
BRDA:239,307,56,-
BRDA:239,307,61,-
BRDA:239,308,67,-
BRDA:239,309,67,-
BRDA:317,310,69,-
BRDA:317,310,70,-
BRDA:317,311,72,-
BRDA:247,314,6,-
BRDA:247,314,12,-
BRDA:247,315,16,-
BRDA:247,316,16,-
BRDA:23,317,29,-
BRDA:23,317,45,-
BRDA:247,319,54,-
BRDA:247,319,60,-
BRDA:247,320,64,-
BRDA:247,321,64,-
BRDA:23,322,77,-
BRDA:23,322,93,-
BRDA:247,325,7,-
BRDA:247,325,14,-
BRDA:247,326,18,-
BRDA:247,327,18,-
BRDA:247,328,25,-
BRDA:247,328,32,-
BRDA:247,329,36,-
BRDA:247,330,36,-
BRDA:23,331,51,-
BRDA:23,331,67,-
BRDA:23,333,84,-
BRDA:23,333,100,-
BRDA:260,336,8,-
BRDA:260,336,15,-
BRDA:260,337,19,-
BRDA:260,338,19,-
BRDA:23,339,32,-
BRDA:23,339,48,-
BRDA:260,341,59,-
BRDA:260,341,66,-
BRDA:260,342,70,-
BRDA:260,343,70,-
BRDA:23,344,83,-
BRDA:23,344,99,-
BRDA:267,347,9,-
BRDA:267,347,18,-
BRDA:267,348,22,-
BRDA:267,349,22,-
BRDA:23,350,35,-
BRDA:23,350,51,-
BRDA:23,352,70,-
BRDA:23,352,86,-
BRDA:267,354,98,-
BRDA:267,354,107,-
BRDA:267,355,111,-
BRDA:267,356,111,-
BRDA:23,357,124,-
BRDA:23,357,140,-
end_of_record
SF:/home/nenad/.move/git/https___github_com_MystenLabs_sui_git_718ae563a42fb4ba0d055588f81c704dcef58c25/crates/sui-framework/packages/move-stdlib/sources/string.move
FNF:19
FNH:0
LF:51
LH:0
BRF:27
BRH:0
FN:69,append
FN:74,append_utf8
FN:48,as_bytes
FN:124,bytes
FN:31,from_ascii
FN:110,index_of
FN:80,insert
FN:116,internal_check_utf8
FN:119,internal_index_of
FN:117,internal_is_char_boundary
FN:118,internal_sub_string
FN:53,into_bytes
FN:59,is_empty
FN:64,length
FN:127,sub_string
FN:95,substring
FN:37,to_ascii
FN:43,try_utf8
FN:25,utf8
BRDA:25,0,3,-
BRDA:25,0,4,-
BRDA:25,1,6,-
BRDA:43,6,3,-
BRDA:43,6,8,-
BRDA:43,7,10,-
BRDA:43,8,10,-
BRDA:81,16,8,-
BRDA:81,16,13,-
BRDA:81,17,17,-
BRDA:81,18,17,-
BRDA:81,19,19,-
BRDA:81,19,20,-
BRDA:81,20,24,-
BRDA:98,23,10,-
BRDA:98,23,29,-
BRDA:98,24,14,-
BRDA:98,24,26,-
BRDA:98,25,18,-
BRDA:98,25,23,-
BRDA:98,26,31,-
BRDA:98,27,31,-
BRDA:98,28,31,-
BRDA:98,29,31,-
BRDA:97,30,33,-
BRDA:97,30,34,-
BRDA:97,31,38,-
end_of_record
SF:/home/nenad/.move/git/https___github_com_MystenLabs_sui_git_718ae563a42fb4ba0d055588f81c704dcef58c25/crates/sui-framework/packages/move-stdlib/tests/string_tests.move
FNF:11
FNH:0
LF:46
LH:0
BRF:19
BRH:0
FN:71,append
FN:55,index_of
FN:63,index_of_fail
FN:78,insert
FN:85,into_bytes
FN:21,invalid_utf8
FN:28,substring
FN:48,substring_empty
FN:35,substring_invalid_boundary
FN:42,substring_invalid_index
FN:14,valid_utf8
BRDA:23,0,17,-
BRDA:23,0,33,-
BRDA:23,3,17,-
BRDA:23,3,33,-
BRDA:23,6,20,-
BRDA:23,6,36,-
BRDA:50,11,11,-
BRDA:50,11,12,-
BRDA:50,12,14,-
BRDA:23,15,21,-
BRDA:23,15,37,-
BRDA:23,18,21,-
BRDA:23,18,37,-
BRDA:23,21,21,-
BRDA:23,21,37,-
BRDA:23,24,22,-
BRDA:23,24,38,-
BRDA:23,27,15,-
BRDA:23,27,31,-
end_of_record
SF:/home/nenad/.move/git/https___github_com_MystenLabs_sui_git_718ae563a42fb4ba0d055588f81c704dcef58c25/crates/sui-framework/packages/move-stdlib/sources/type_name.move
FNF:15
FNH:0
LF:76
LH:0
BRF:78
BRH:0
FN:90,address_string
FN:84,as_string
FN:183,borrow_string
FN:133,datatype_string
FN:54,defining_id
FN:173,get
FN:188,get_address
FN:193,get_module
FN:178,get_with_original_ids
FN:166,into_string
FN:62,is_primitive
FN:110,module_string
FN:58,original_id
FN:46,with_defining_ids
FN:51,with_original_ids
BRDA:63,0,12,-
BRDA:63,0,17,-
BRDA:63,1,187,-
BRDA:63,2,25,-
BRDA:63,2,30,-
BRDA:63,3,187,-
BRDA:63,4,38,-
BRDA:63,4,43,-
BRDA:63,5,187,-
BRDA:63,6,51,-
BRDA:63,6,56,-
BRDA:63,7,187,-
BRDA:63,8,64,-
BRDA:63,8,69,-
BRDA:63,9,187,-
BRDA:63,10,77,-
BRDA:63,10,82,-
BRDA:63,11,187,-
BRDA:63,12,90,-
BRDA:63,12,95,-
BRDA:63,13,187,-
BRDA:63,14,103,-
BRDA:63,14,108,-
BRDA:63,15,187,-
BRDA:72,16,113,-
BRDA:72,16,181,-
BRDA:72,17,120,-
BRDA:72,17,176,-
BRDA:72,18,127,-
BRDA:72,18,171,-
BRDA:72,19,134,-
BRDA:72,19,166,-
BRDA:72,20,141,-
BRDA:72,20,161,-
BRDA:72,21,148,-
BRDA:72,21,156,-
BRDA:72,22,185,-
BRDA:72,23,185,-
BRDA:72,24,185,-
BRDA:72,25,185,-
BRDA:72,26,185,-
BRDA:72,27,185,-
BRDA:72,28,185,-
BRDA:63,29,187,-
BRDA:90,32,4,-
BRDA:90,32,5,-
BRDA:90,33,9,-
BRDA:96,35,21,-
BRDA:99,36,25,-
BRDA:99,36,36,-
BRDA:99,37,21,-
BRDA:110,39,4,-
BRDA:110,39,5,-
BRDA:110,40,9,-
BRDA:116,42,23,-
BRDA:119,43,31,-
BRDA:119,43,40,-
BRDA:119,44,23,-
BRDA:133,46,4,-
BRDA:133,46,5,-
BRDA:133,47,9,-
BRDA:139,49,24,-
BRDA:143,50,30,-
BRDA:143,50,35,-
BRDA:143,51,24,-
BRDA:145,52,45,-
BRDA:145,52,46,-
BRDA:145,53,50,-
BRDA:147,55,60,-
BRDA:147,55,61,-
BRDA:147,56,65,-
BRDA:151,58,69,-
BRDA:154,59,77,-
BRDA:154,59,82,-
BRDA:154,60,97,-
BRDA:158,61,69,-
BRDA:158,61,94,-
BRDA:158,62,97,-
end_of_record
SF:/home/nenad/.move/git/https___github_com_MystenLabs_sui_git_718ae563a42fb4ba0d055588f81c704dcef58c25/crates/sui-framework/packages/move-stdlib/sources/u128.move
FNF:27
FNH:0
LF:133
LH:0
BRF:137
BRH:0
FN:12,bitwise_not
FN:111,checked_add
FN:129,checked_div
FN:123,checked_mul
FN:150,checked_shl
FN:156,checked_shr
FN:117,checked_sub
FN:27,diff
FN:47,div_ceil
FN:209,divide_and_round_up
FN:177,lossless_div
FN:163,lossless_shl
FN:170,lossless_shr
FN:17,max
FN:22,min
FN:34,mul_div
FN:42,mul_div_ceil
FN:52,pow
FN:134,saturating_add
FN:144,saturating_mul
FN:139,saturating_sub
FN:81,sqrt
FN:105,to_string
FN:91,try_as_u16
FN:96,try_as_u32
FN:101,try_as_u64
FN:86,try_as_u8
BRDA:12,1,8,-
BRDA:12,1,11,-
BRDA:12,2,13,-
BRDA:12,3,13,-
BRDA:18,5,8,-
BRDA:18,5,11,-
BRDA:18,6,13,-
BRDA:18,7,13,-
BRDA:24,9,8,-
BRDA:24,9,13,-
BRDA:24,10,17,-
BRDA:24,11,17,-
BRDA:30,14,15,-
BRDA:30,14,20,-
BRDA:30,15,26,-
BRDA:30,16,26,-
BRDA:30,18,10,-
BRDA:30,18,15,-
BRDA:30,19,21,-
BRDA:30,20,21,-
BRDA:36,22,6,-
BRDA:37,23,10,-
BRDA:37,23,35,-
BRDA:37,24,11,-
BRDA:38,25,17,-
BRDA:38,25,26,-
BRDA:38,26,6,-
BRDA:38,27,6,-
BRDA:54,29,9,-
BRDA:56,30,13,-
BRDA:56,30,42,-
BRDA:56,31,14,-
BRDA:57,32,20,-
BRDA:57,32,33,-
BRDA:57,33,37,-
BRDA:61,34,37,-
BRDA:56,35,9,-
BRDA:211,37,6,-
BRDA:211,37,9,-
BRDA:211,38,13,-
BRDA:211,39,13,-
BRDA:216,41,6,-
BRDA:216,41,9,-
BRDA:216,42,13,-
BRDA:216,43,13,-
BRDA:221,45,6,-
BRDA:221,45,9,-
BRDA:221,46,13,-
BRDA:221,47,13,-
BRDA:226,49,6,-
BRDA:226,49,9,-
BRDA:226,50,13,-
BRDA:226,51,13,-
BRDA:71,53,6,-
BRDA:71,53,10,-
BRDA:72,54,34,-
BRDA:74,55,12,-
BRDA:75,56,16,-
BRDA:75,56,29,-
BRDA:75,57,12,-
BRDA:105,58,34,-
BRDA:87,60,10,-
BRDA:87,60,13,-
BRDA:87,61,18,-
BRDA:87,62,18,-
BRDA:93,64,8,-
BRDA:93,64,11,-
BRDA:93,65,16,-
BRDA:93,66,16,-
BRDA:100,68,8,-
BRDA:100,68,11,-
BRDA:100,69,15,-
BRDA:100,70,15,-
BRDA:100,71,17,-
BRDA:100,71,21,-
BRDA:100,72,37,-
BRDA:101,73,27,-
BRDA:101,73,30,-
BRDA:101,74,35,-
BRDA:101,75,35,-
BRDA:100,76,37,-
BRDA:108,78,8,-
BRDA:108,78,11,-
BRDA:108,79,16,-
BRDA:108,80,16,-
BRDA:115,82,12,-
BRDA:115,82,15,-
BRDA:115,83,19,-
BRDA:115,84,19,-
BRDA:121,86,8,-
BRDA:121,86,11,-
BRDA:121,87,15,-
BRDA:121,88,15,-
BRDA:128,90,10,-
BRDA:128,90,13,-
BRDA:128,91,17,-
BRDA:128,92,17,-
BRDA:128,93,19,-
BRDA:128,93,22,-
BRDA:128,94,37,-
BRDA:129,95,28,-
BRDA:129,95,31,-
BRDA:129,96,35,-
BRDA:129,97,35,-
BRDA:128,98,37,-
BRDA:137,100,8,-
BRDA:137,100,11,-
BRDA:137,101,16,-
BRDA:137,102,16,-
BRDA:144,104,8,-
BRDA:144,104,11,-
BRDA:144,105,16,-
BRDA:144,106,16,-
BRDA:151,108,8,-
BRDA:151,108,11,-
BRDA:151,109,29,-
BRDA:154,110,21,-
BRDA:154,110,25,-
BRDA:154,111,27,-
BRDA:154,112,27,-
BRDA:151,113,29,-
BRDA:162,115,8,-
BRDA:162,115,11,-
BRDA:162,116,29,-
BRDA:165,117,21,-
BRDA:165,117,25,-
BRDA:165,118,27,-
BRDA:165,119,27,-
BRDA:162,120,29,-
BRDA:172,122,8,-
BRDA:172,122,11,-
BRDA:172,123,27,-
BRDA:173,124,17,-
BRDA:173,124,23,-
BRDA:173,125,25,-
BRDA:173,126,25,-
BRDA:172,127,27,-
end_of_record
SF:/home/nenad/.move/git/https___github_com_MystenLabs_sui_git_718ae563a42fb4ba0d055588f81c704dcef58c25/crates/sui-framework/packages/move-stdlib/tests/u128_tests.move
FNF:33
FNH:0
LF:470
LH:0
BRF:1004
BRH:0
FN:33,test_bitwise_not
FN:147,test_checked_add
FN:162,test_checked_div
FN:157,test_checked_mul
FN:182,test_checked_shl
FN:187,test_checked_shr
FN:152,test_checked_sub
FN:48,test_diff
FN:83,test_div_ceil
FN:88,test_div_ceil_error
FN:142,test_dos
FN:202,test_lossless_div
FN:192,test_lossless_shl
FN:197,test_lossless_shr
FN:38,test_max
FN:43,test_min
FN:53,test_mul_div
FN:58,test_mul_div_ceil
FN:68,test_mul_div_ceil_div_by_zero
FN:78,test_mul_div_ceil_overflow
FN:63,test_mul_div_div_by_zero
FN:73,test_mul_div_overflow
FN:93,test_pow
FN:100,test_pow_overflow
FN:167,test_saturating_add
FN:177,test_saturating_mul
FN:172,test_saturating_sub
FN:105,test_sqrt
FN:133,test_to_string
FN:118,test_try_as_u16
FN:123,test_try_as_u32
FN:128,test_try_as_u64
FN:113,test_try_as_u8
BRDA:23,0,16,-
BRDA:23,0,32,-
BRDA:179,2,49,-
BRDA:180,3,53,-
BRDA:180,3,510,-
BRDA:23,4,91,-
BRDA:23,4,107,-
BRDA:23,6,127,-
BRDA:23,6,143,-
BRDA:23,8,163,-
BRDA:23,8,179,-
BRDA:23,10,199,-
BRDA:23,10,215,-
BRDA:23,12,234,-
BRDA:23,12,250,-
BRDA:23,14,270,-
BRDA:23,14,286,-
BRDA:23,16,306,-
BRDA:23,16,322,-
BRDA:23,18,342,-
BRDA:23,18,358,-
BRDA:23,20,377,-
BRDA:23,20,393,-
BRDA:23,22,413,-
BRDA:23,22,429,-
BRDA:23,24,449,-
BRDA:23,24,465,-
BRDA:23,26,485,-
BRDA:23,26,501,-
BRDA:180,28,49,-
BRDA:23,30,17,-
BRDA:23,30,33,-
BRDA:179,32,50,-
BRDA:180,33,54,-
BRDA:180,33,257,-
BRDA:23,34,92,-
BRDA:23,34,108,-
BRDA:23,36,127,-
BRDA:23,36,143,-
BRDA:23,38,162,-
BRDA:23,38,178,-
BRDA:23,40,197,-
BRDA:23,40,213,-
BRDA:23,42,232,-
BRDA:23,42,248,-
BRDA:180,44,50,-
BRDA:23,46,17,-
BRDA:23,46,33,-
BRDA:179,48,50,-
BRDA:180,49,54,-
BRDA:180,49,257,-
BRDA:23,50,92,-
BRDA:23,50,108,-
BRDA:23,52,127,-
BRDA:23,52,143,-
BRDA:23,54,162,-
BRDA:23,54,178,-
BRDA:23,56,197,-
BRDA:23,56,213,-
BRDA:23,58,232,-
BRDA:23,58,248,-
BRDA:180,60,50,-
BRDA:23,62,17,-
BRDA:23,62,33,-
BRDA:179,64,50,-
BRDA:180,65,54,-
BRDA:180,65,339,-
BRDA:23,66,94,-
BRDA:23,66,110,-
BRDA:23,68,131,-
BRDA:23,68,147,-
BRDA:23,70,166,-
BRDA:23,70,182,-
BRDA:23,72,203,-
BRDA:23,72,219,-
BRDA:23,74,240,-
BRDA:23,74,256,-
BRDA:23,76,277,-
BRDA:23,76,293,-
BRDA:23,78,314,-
BRDA:23,78,330,-
BRDA:180,80,50,-
BRDA:23,82,20,-
BRDA:23,82,36,-
BRDA:179,84,53,-
BRDA:180,85,57,-
BRDA:180,85,283,-
BRDA:130,86,92,-
BRDA:130,86,93,-
BRDA:130,87,278,-
BRDA:134,88,109,-
BRDA:134,88,110,-
BRDA:134,89,278,-
BRDA:23,90,129,-
BRDA:23,90,145,-
BRDA:140,92,159,-
BRDA:140,92,173,-
BRDA:141,93,170,-
BRDA:141,93,171,-
BRDA:141,94,213,-
BRDA:23,96,193,-
BRDA:23,96,209,-
BRDA:23,98,213,-
BRDA:146,99,223,-
BRDA:146,99,237,-
BRDA:147,100,234,-
BRDA:147,100,235,-
BRDA:147,101,278,-
BRDA:23,103,257,-
BRDA:23,103,274,-
BRDA:23,104,258,-
BRDA:23,106,278,-
BRDA:180,107,53,-
BRDA:130,108,297,-
BRDA:130,108,298,-
BRDA:130,109,482,-
BRDA:134,110,314,-
BRDA:134,110,315,-
BRDA:134,111,482,-
BRDA:23,112,334,-
BRDA:23,112,350,-
BRDA:140,114,364,-
BRDA:140,114,378,-
BRDA:141,115,375,-
BRDA:141,115,376,-
BRDA:141,116,418,-
BRDA:23,118,398,-
BRDA:23,118,414,-
BRDA:23,120,418,-
BRDA:146,121,428,-
BRDA:146,121,442,-
BRDA:147,122,439,-
BRDA:147,122,440,-
BRDA:147,123,482,-
BRDA:23,125,462,-
BRDA:23,125,478,-
BRDA:23,127,482,-
BRDA:23,129,20,-
BRDA:23,129,36,-
BRDA:179,131,53,-
BRDA:180,132,57,-
BRDA:180,132,245,-
BRDA:160,133,92,-
BRDA:160,133,93,-
BRDA:160,134,240,-
BRDA:164,135,107,-
BRDA:164,135,108,-
BRDA:164,136,240,-
BRDA:23,137,127,-
BRDA:23,137,143,-
BRDA:171,139,157,-
BRDA:171,139,201,-
BRDA:23,140,180,-
BRDA:23,140,196,-
BRDA:171,142,240,-
BRDA:23,143,220,-
BRDA:23,143,236,-
BRDA:23,145,240,-
BRDA:180,146,53,-
BRDA:160,147,259,-
BRDA:160,147,260,-
BRDA:160,148,407,-
BRDA:164,149,274,-
BRDA:164,149,275,-
BRDA:164,150,407,-
BRDA:23,151,294,-
BRDA:23,151,310,-
BRDA:171,153,324,-
BRDA:171,153,368,-
BRDA:23,154,347,-
BRDA:23,154,363,-
BRDA:171,156,407,-
BRDA:23,157,387,-
BRDA:23,157,403,-
BRDA:23,159,407,-
BRDA:23,165,17,-
BRDA:23,165,33,-
BRDA:23,167,52,-
BRDA:23,167,68,-
BRDA:100,169,80,-
BRDA:100,169,81,-
BRDA:100,170,161,-
BRDA:23,171,106,-
BRDA:23,171,122,-
BRDA:23,173,141,-
BRDA:23,173,157,-
BRDA:23,175,161,-
BRDA:179,176,174,-
BRDA:180,177,178,-
BRDA:180,177,829,-
BRDA:100,178,209,-
BRDA:100,178,210,-
BRDA:100,179,290,-
BRDA:23,180,235,-
BRDA:23,180,251,-
BRDA:23,182,270,-
BRDA:23,182,286,-
BRDA:23,184,290,-
BRDA:100,185,298,-
BRDA:100,185,299,-
BRDA:100,186,379,-
BRDA:23,187,324,-
BRDA:23,187,340,-
BRDA:23,189,359,-
BRDA:23,189,375,-
BRDA:23,191,379,-
BRDA:100,192,387,-
BRDA:100,192,388,-
BRDA:100,193,468,-
BRDA:23,194,413,-
BRDA:23,194,429,-
BRDA:23,196,448,-
BRDA:23,196,464,-
BRDA:23,198,468,-
BRDA:100,199,476,-
BRDA:100,199,477,-
BRDA:100,200,557,-
BRDA:23,201,502,-
BRDA:23,201,518,-
BRDA:23,203,537,-
BRDA:23,203,553,-
BRDA:23,205,557,-
BRDA:100,206,565,-
BRDA:100,206,566,-
BRDA:100,207,646,-
BRDA:23,208,591,-
BRDA:23,208,607,-
BRDA:23,210,626,-
BRDA:23,210,642,-
BRDA:23,212,646,-
BRDA:100,213,654,-
BRDA:100,213,655,-
BRDA:100,214,735,-
BRDA:23,215,680,-
BRDA:23,215,696,-
BRDA:23,217,715,-
BRDA:23,217,731,-
BRDA:23,219,735,-
BRDA:100,220,743,-
BRDA:100,220,744,-
BRDA:100,221,824,-
BRDA:23,222,769,-
BRDA:23,222,785,-
BRDA:23,224,804,-
BRDA:23,224,820,-
BRDA:23,226,824,-
BRDA:180,227,174,-
BRDA:179,230,13,-
BRDA:180,231,17,-
BRDA:180,231,255,-
BRDA:23,232,55,-
BRDA:23,232,71,-
BRDA:23,234,90,-
BRDA:23,234,106,-
BRDA:23,236,125,-
BRDA:23,236,141,-
BRDA:23,238,160,-
BRDA:23,238,176,-
BRDA:23,240,195,-
BRDA:23,240,211,-
BRDA:23,242,230,-
BRDA:23,242,246,-
BRDA:180,244,13,-
BRDA:23,245,272,-
BRDA:23,245,288,-
BRDA:23,247,307,-
BRDA:23,247,323,-
BRDA:201,249,335,-
BRDA:202,250,339,-
BRDA:202,250,348,-
BRDA:202,251,335,-
[...]
BRDA:337,38,50,-
BRDA:340,39,39,-
BRDA:340,39,44,-
BRDA:340,40,48,-
BRDA:340,41,48,-
BRDA:337,42,50,-
BRDA:335,43,52,-
BRDA:145,44,54,-
BRDA:369,46,9,-
BRDA:369,46,12,-
BRDA:370,47,68,-
BRDA:375,48,25,-
BRDA:375,48,28,-
BRDA:375,49,66,-
BRDA:377,50,34,-
BRDA:377,50,42,-
BRDA:377,51,44,-
BRDA:377,52,44,-
BRDA:377,53,46,-
BRDA:377,53,49,-
BRDA:377,54,64,-
BRDA:380,55,53,-
BRDA:380,55,58,-
BRDA:380,56,62,-
BRDA:380,57,62,-
BRDA:377,58,64,-
BRDA:375,59,66,-
BRDA:158,60,68,-
BRDA:404,62,9,-
BRDA:404,62,12,-
BRDA:405,63,50,-
BRDA:408,64,19,-
BRDA:408,64,22,-
BRDA:408,65,48,-
BRDA:410,66,28,-
BRDA:410,66,31,-
BRDA:410,67,46,-
BRDA:413,68,35,-
BRDA:413,68,40,-
BRDA:413,69,44,-
BRDA:413,70,44,-
BRDA:410,71,46,-
BRDA:408,72,48,-
BRDA:171,73,50,-
BRDA:200,76,13,-
BRDA:200,76,19,-
BRDA:200,77,23,-
BRDA:200,78,23,-
BRDA:229,81,4,-
BRDA:229,81,7,-
BRDA:229,82,18,-
BRDA:229,83,11,-
BRDA:229,83,14,-
BRDA:229,84,18,-
BRDA:229,85,18,-
end_of_record
SF:/home/nenad/repos/contracts-sui/math/core/tests/u8_tests.move
FNF:66
FNH:0
LF:412
LH:0
BRF:504
BRH:0
FN:24,average_is_commutative
FN:12,average_rounding_modes
FN:52,checked_shl_detects_high_bits
FN:59,checked_shl_rejects_large_shift
FN:45,checked_shl_returns_same_for_zero_shift
FN:33,checked_shl_returns_some
FN:40,checked_shl_zero_input_returns_zero_for_overshift
FN:80,checked_shr_detects_set_bits
FN:87,checked_shr_rejects_large_shift
FN:68,checked_shr_returns_some
FN:75,checked_shr_zero_input_returns_zero_for_overshift
FN:232,clz_counts_from_highest_bit
FN:211,clz_handles_all_bit_positions
FN:246,clz_handles_values_near_boundaries
FN:221,clz_lower_bits_have_no_effect
FN:187,clz_returns_bit_width_for_zero
FN:202,clz_returns_zero_for_max_value
FN:194,clz_returns_zero_for_top_bit_set
FN:715,inv_mod_rejects_zero_modulus
FN:709,inv_mod_returns_none_when_not_coprime
FN:703,inv_mod_returns_some
FN:735,is_power_of_ten_basic
FN:543,log10_handles_edge_cases_near_powers
FN:577,log10_handles_max_value
FN:491,log10_handles_powers_of_10
FN:483,log10_returns_zero_for_zero
FN:502,log10_rounds_down
FN:530,log10_rounds_to_nearest
FN:516,log10_rounds_up
FN:472,log256_handles_max_value
FN:420,log256_returns_zero_for_one
FN:412,log256_returns_zero_for_zero
FN:428,log256_rounds_down
FN:456,log256_rounds_to_nearest
FN:442,log256_rounds_up
FN:401,log2_handles_max_value
FN:353,log2_handles_powers_of_two
FN:345,log2_returns_zero_for_one
FN:337,log2_returns_zero_for_zero
FN:368,log2_rounds_down
FN:390,log2_rounds_to_nearest
FN:379,log2_rounds_up
FN:287,msb_handles_all_bit_positions
FN:320,msb_handles_values_near_boundaries
FN:296,msb_lower_bits_have_no_effect
FN:278,msb_returns_correct_position_for_max_value
FN:270,msb_returns_correct_position_for_top_bit_set
FN:306,msb_returns_highest_bit_position
FN:263,msb_returns_zero_for_zero
FN:128,mul_div_detects_overflow
FN:115,mul_div_exact_division
FN:122,mul_div_rejects_zero_denominator
FN:97,mul_div_rounding_modes
FN:722,mul_mod_fast_path
FN:728,mul_mod_rejects_zero_modulus
FN:179,mul_shr_detects_overflow
FN:142,mul_shr_respects_rounding_modes
FN:136,mul_shr_returns_some_when_in_range
FN:693,sqrt_handles_max_value
FN:596,sqrt_handles_perfect_squares
FN:666,sqrt_handles_powers_of_four
FN:678,sqrt_midpoint_behavior
FN:588,sqrt_returns_zero_for_zero
FN:619,sqrt_rounds_down
FN:649,sqrt_rounds_to_nearest
FN:634,sqrt_rounds_up
BRDA:23,0,16,-
BRDA:23,0,32,-
BRDA:23,2,52,-
BRDA:23,2,68,-
BRDA:23,4,88,-
BRDA:23,4,104,-
BRDA:23,7,23,-
BRDA:23,7,39,-
BRDA:23,10,16,-
BRDA:23,10,32,-
BRDA:23,13,16,-
BRDA:23,13,32,-
BRDA:23,16,16,-
BRDA:23,16,32,-
BRDA:23,19,15,-
BRDA:23,19,31,-
BRDA:23,22,15,-
BRDA:23,22,31,-
BRDA:23,25,16,-
BRDA:23,25,32,-
BRDA:23,28,16,-
BRDA:23,28,32,-
BRDA:23,31,15,-
BRDA:23,31,31,-
BRDA:23,34,15,-
BRDA:23,34,31,-
BRDA:23,37,18,-
BRDA:23,37,34,-
BRDA:23,39,56,-
BRDA:23,39,72,-
BRDA:23,41,94,-
BRDA:23,41,110,-
BRDA:23,44,18,-
BRDA:23,44,34,-
BRDA:23,48,17,-
BRDA:23,48,33,-
BRDA:23,51,18,-
BRDA:23,51,34,-
BRDA:23,54,18,-
BRDA:23,54,34,-
BRDA:23,56,56,-
BRDA:23,56,72,-
BRDA:23,58,94,-
BRDA:23,58,110,-
BRDA:23,60,132,-
BRDA:23,60,148,-
BRDA:23,62,170,-
BRDA:23,62,186,-
BRDA:23,64,208,-
BRDA:23,64,224,-
BRDA:23,66,246,-
BRDA:23,66,262,-
BRDA:23,68,284,-
BRDA:23,68,300,-
BRDA:23,70,322,-
BRDA:23,70,338,-
BRDA:23,72,360,-
BRDA:23,72,376,-
BRDA:23,75,17,-
BRDA:23,75,33,-
BRDA:23,78,14,-
BRDA:23,78,30,-
BRDA:23,81,14,-
BRDA:23,81,30,-
BRDA:23,84,14,-
BRDA:23,84,30,-
BRDA:178,87,2,-
BRDA:180,88,6,-
BRDA:180,88,55,-
BRDA:23,89,30,-
BRDA:23,89,46,-
BRDA:180,91,2,-
BRDA:178,93,2,-
BRDA:180,94,6,-
BRDA:180,94,61,-
BRDA:23,95,36,-
BRDA:23,95,52,-
BRDA:180,97,2,-
BRDA:23,99,14,-
BRDA:23,99,30,-
BRDA:23,101,48,-
BRDA:23,101,64,-
BRDA:23,103,82,-
BRDA:23,103,98,-
BRDA:23,106,14,-
BRDA:23,106,30,-
BRDA:23,108,48,-
BRDA:23,108,64,-
BRDA:23,110,82,-
BRDA:23,110,98,-
BRDA:23,112,116,-
BRDA:23,112,132,-
BRDA:23,115,14,-
BRDA:23,115,30,-
BRDA:23,118,14,-
BRDA:23,118,30,-
BRDA:23,121,14,-
BRDA:23,121,30,-
BRDA:178,124,2,-
BRDA:180,125,6,-
BRDA:180,125,49,-
BRDA:23,126,24,-
BRDA:23,126,40,-
BRDA:180,128,2,-
BRDA:178,130,2,-
BRDA:180,131,6,-
BRDA:180,131,55,-
BRDA:23,132,30,-
BRDA:23,132,46,-
BRDA:180,134,2,-
BRDA:23,136,14,-
BRDA:23,136,30,-
BRDA:23,138,48,-
BRDA:23,138,64,-
BRDA:23,140,82,-
BRDA:23,140,98,-
BRDA:23,143,14,-
BRDA:23,143,30,-
BRDA:23,145,48,-
BRDA:23,145,64,-
BRDA:23,147,82,-
BRDA:23,147,98,-
BRDA:23,149,116,-
BRDA:23,149,132,-
BRDA:23,152,15,-
BRDA:23,152,31,-
BRDA:23,154,50,-
BRDA:23,154,66,-
BRDA:23,156,85,-
BRDA:23,156,101,-
BRDA:23,159,15,-
BRDA:23,159,31,-
BRDA:23,161,50,-
BRDA:23,161,66,-
BRDA:23,163,85,-
BRDA:23,163,101,-
BRDA:179,166,12,-
BRDA:180,167,16,-
BRDA:180,167,306,-
BRDA:23,168,36,-
BRDA:23,168,52,-
BRDA:23,170,71,-
BRDA:23,170,87,-
BRDA:23,172,106,-
BRDA:23,172,122,-
BRDA:23,174,141,-
BRDA:23,174,157,-
BRDA:23,176,176,-
BRDA:23,176,192,-
BRDA:23,178,211,-
BRDA:23,178,227,-
BRDA:23,180,246,-
BRDA:23,180,262,-
BRDA:23,182,281,-
BRDA:23,182,297,-
BRDA:180,184,12,-
BRDA:23,186,17,-
BRDA:23,186,33,-
BRDA:23,188,52,-
BRDA:23,188,68,-
BRDA:23,190,87,-
BRDA:23,190,103,-
BRDA:23,192,122,-
BRDA:23,192,138,-
BRDA:23,194,157,-
BRDA:23,194,173,-
BRDA:23,197,17,-
BRDA:23,197,33,-
BRDA:23,199,52,-
BRDA:23,199,68,-
BRDA:23,201,87,-
BRDA:23,201,103,-
BRDA:23,203,122,-
BRDA:23,203,138,-
BRDA:23,205,157,-
BRDA:23,205,173,-
BRDA:23,208,17,-
BRDA:23,208,33,-
BRDA:23,210,52,-
BRDA:23,210,68,-
BRDA:23,212,87,-
BRDA:23,212,103,-
BRDA:23,214,122,-
BRDA:23,214,138,-
BRDA:23,216,157,-
BRDA:23,216,173,-
BRDA:23,219,17,-
BRDA:23,219,33,-
BRDA:23,221,52,-
BRDA:23,221,68,-
BRDA:23,223,87,-
BRDA:23,223,103,-
BRDA:23,226,15,-
BRDA:23,226,31,-
BRDA:23,228,50,-
BRDA:23,228,66,-
BRDA:23,230,85,-
BRDA:23,230,101,-
BRDA:23,233,15,-
BRDA:23,233,31,-
BRDA:23,235,50,-
BRDA:23,235,66,-
BRDA:23,237,85,-
BRDA:23,237,101,-
BRDA:23,240,17,-
BRDA:23,240,33,-
BRDA:23,242,52,-
BRDA:23,242,68,-
BRDA:23,244,87,-
BRDA:23,244,103,-
BRDA:23,246,122,-
BRDA:23,246,138,-
BRDA:23,248,157,-
BRDA:23,248,173,-
BRDA:23,250,192,-
BRDA:23,250,208,-
BRDA:23,252,227,-
BRDA:23,252,243,-
BRDA:23,255,17,-
BRDA:23,255,33,-
BRDA:23,257,52,-
BRDA:23,257,68,-
BRDA:23,259,87,-
BRDA:23,259,103,-
BRDA:23,261,122,-
BRDA:23,261,138,-
BRDA:23,263,157,-
BRDA:23,263,173,-
BRDA:23,265,192,-
BRDA:23,265,208,-
BRDA:23,267,227,-
BRDA:23,267,243,-
BRDA:23,270,17,-
BRDA:23,270,33,-
BRDA:23,272,52,-
BRDA:23,272,68,-
BRDA:23,274,87,-
BRDA:23,274,103,-
BRDA:23,276,122,-
BRDA:23,276,138,-
BRDA:23,278,157,-
BRDA:23,278,173,-
BRDA:23,280,192,-
BRDA:23,280,208,-
BRDA:23,282,227,-
BRDA:23,282,243,-
BRDA:23,284,262,-
BRDA:23,284,278,-
BRDA:23,287,17,-
BRDA:23,287,33,-
BRDA:23,289,52,-
BRDA:23,289,68,-
BRDA:23,291,87,-
BRDA:23,291,103,-
BRDA:23,294,15,-
BRDA:23,294,31,-
BRDA:23,296,50,-
BRDA:23,296,66,-
BRDA:23,298,85,-
BRDA:23,298,101,-
BRDA:179,301,12,-
BRDA:180,302,16,-
BRDA:180,302,131,-
BRDA:23,303,36,-
BRDA:23,303,52,-
BRDA:23,305,71,-
BRDA:23,305,87,-
BRDA:23,307,106,-
BRDA:23,307,122,-
BRDA:180,309,12,-
BRDA:23,311,17,-
BRDA:23,311,33,-
BRDA:23,313,52,-
BRDA:23,313,68,-
BRDA:23,315,87,-
BRDA:23,315,103,-
BRDA:23,317,122,-
BRDA:23,317,138,-
BRDA:23,319,157,-
BRDA:23,319,173,-
BRDA:23,321,192,-
BRDA:23,321,208,-
BRDA:23,323,227,-
BRDA:23,323,243,-
BRDA:23,325,262,-
BRDA:23,325,278,-
BRDA:23,328,17,-
BRDA:23,328,33,-
BRDA:23,330,52,-
BRDA:23,330,68,-
BRDA:23,332,87,-
BRDA:23,332,103,-
BRDA:23,334,122,-
BRDA:23,334,138,-
BRDA:23,336,157,-
BRDA:23,336,173,-
BRDA:23,338,192,-
BRDA:23,338,208,-
BRDA:23,340,227,-
BRDA:23,340,243,-
BRDA:23,342,262,-
BRDA:23,342,278,-
BRDA:23,345,17,-
BRDA:23,345,33,-
BRDA:23,347,52,-
BRDA:23,347,68,-
BRDA:23,349,87,-
BRDA:23,349,103,-
BRDA:23,351,122,-
BRDA:23,351,138,-
BRDA:23,354,21,-
BRDA:23,354,37,-
BRDA:23,356,56,-
BRDA:23,356,72,-
BRDA:23,358,91,-
BRDA:23,358,107,-
BRDA:23,360,126,-
BRDA:23,360,142,-
BRDA:23,362,161,-
BRDA:23,362,177,-
BRDA:23,364,196,-
BRDA:23,364,212,-
BRDA:23,366,231,-
BRDA:23,366,247,-
BRDA:23,368,266,-
BRDA:23,368,282,-
BRDA:23,370,301,-
BRDA:23,370,317,-
BRDA:23,372,336,-
BRDA:23,372,352,-
BRDA:23,374,371,-
BRDA:23,374,387,-
BRDA:23,376,406,-
BRDA:23,376,422,-
BRDA:23,378,441,-
BRDA:23,378,457,-
BRDA:23,380,476,-
BRDA:23,380,492,-
BRDA:23,382,511,-
BRDA:23,382,527,-
BRDA:23,384,546,-
BRDA:23,384,562,-
BRDA:23,386,581,-
BRDA:23,386,597,-
BRDA:23,388,616,-
BRDA:23,388,632,-
BRDA:23,391,17,-
BRDA:23,391,33,-
BRDA:23,393,52,-
BRDA:23,393,68,-
BRDA:23,395,87,-
BRDA:23,395,103,-
BRDA:23,398,15,-
BRDA:23,398,31,-
BRDA:23,400,50,-
BRDA:23,400,66,-
BRDA:23,402,85,-
BRDA:23,402,101,-
BRDA:179,405,12,-
BRDA:180,406,16,-
BRDA:180,406,551,-
BRDA:23,407,36,-
BRDA:23,407,52,-
BRDA:23,409,71,-
BRDA:23,409,87,-
BRDA:23,411,106,-
BRDA:23,411,122,-
BRDA:23,413,141,-
BRDA:23,413,157,-
BRDA:23,415,176,-
BRDA:23,415,192,-
BRDA:23,417,211,-
BRDA:23,417,227,-
BRDA:23,419,246,-
BRDA:23,419,262,-
BRDA:23,421,281,-
BRDA:23,421,297,-
BRDA:23,423,316,-
BRDA:23,423,332,-
BRDA:23,425,351,-
BRDA:23,425,367,-
BRDA:23,427,386,-
BRDA:23,427,402,-
BRDA:23,429,421,-
BRDA:23,429,437,-
BRDA:23,431,456,-
BRDA:23,431,472,-
BRDA:23,433,491,-
BRDA:23,433,507,-
BRDA:23,435,526,-
BRDA:23,435,542,-
BRDA:180,437,12,-
BRDA:23,439,17,-
BRDA:23,439,33,-
BRDA:23,441,52,-
BRDA:23,441,68,-
BRDA:23,443,87,-
BRDA:23,443,103,-
BRDA:23,445,122,-
BRDA:23,445,138,-
BRDA:23,447,157,-
BRDA:23,447,173,-
BRDA:23,449,192,-
BRDA:23,449,208,-
BRDA:23,451,227,-
BRDA:23,451,243,-
BRDA:23,453,262,-
BRDA:23,453,278,-
BRDA:23,455,297,-
BRDA:23,455,313,-
BRDA:23,458,17,-
BRDA:23,458,33,-
BRDA:23,460,52,-
BRDA:23,460,68,-
BRDA:23,462,87,-
BRDA:23,462,103,-
BRDA:23,464,122,-
BRDA:23,464,138,-
BRDA:23,466,157,-
BRDA:23,466,173,-
BRDA:23,468,192,-
BRDA:23,468,208,-
BRDA:23,470,227,-
BRDA:23,470,243,-
BRDA:23,472,262,-
BRDA:23,472,278,-
BRDA:23,474,297,-
BRDA:23,474,313,-
BRDA:23,477,17,-
BRDA:23,477,33,-
BRDA:23,479,52,-
BRDA:23,479,68,-
BRDA:23,481,87,-
BRDA:23,481,103,-
BRDA:23,483,122,-
BRDA:23,483,138,-
BRDA:23,485,157,-
BRDA:23,485,173,-
BRDA:23,487,192,-
BRDA:23,487,208,-
BRDA:23,489,227,-
BRDA:23,489,243,-
BRDA:23,491,262,-
BRDA:23,491,278,-
BRDA:23,493,297,-
BRDA:23,493,313,-
BRDA:23,495,332,-
BRDA:23,495,348,-
BRDA:23,497,367,-
BRDA:23,497,383,-
BRDA:179,500,12,-
BRDA:180,501,16,-
BRDA:180,501,166,-
BRDA:23,502,36,-
BRDA:23,502,52,-
BRDA:23,504,71,-
BRDA:23,504,87,-
BRDA:23,506,106,-
BRDA:23,506,122,-
BRDA:23,508,141,-
BRDA:23,508,157,-
BRDA:180,510,12,-
BRDA:23,512,17,-
BRDA:23,512,33,-
BRDA:23,514,52,-
BRDA:23,514,68,-
BRDA:23,516,87,-
BRDA:23,516,103,-
BRDA:23,518,122,-
BRDA:23,518,138,-
BRDA:23,520,157,-
BRDA:23,520,173,-
BRDA:23,522,192,-
BRDA:23,522,208,-
BRDA:23,525,17,-
BRDA:23,525,33,-
BRDA:23,527,52,-
BRDA:23,527,68,-
BRDA:23,529,87,-
BRDA:23,529,103,-
BRDA:23,532,16,-
BRDA:23,532,32,-
BRDA:23,535,15,-
BRDA:23,535,31,-
BRDA:23,539,16,-
BRDA:23,539,32,-
BRDA:23,543,14,-
BRDA:23,543,30,-
BRDA:23,545,48,-
BRDA:23,545,64,-
BRDA:23,547,82,-
BRDA:23,547,98,-
BRDA:23,549,116,-
BRDA:23,549,132,-
BRDA:23,551,150,-
BRDA:23,551,166,-
BRDA:23,553,184,-
BRDA:23,553,200,-
BRDA:23,555,218,-
BRDA:23,555,234,-
BRDA:23,557,252,-
BRDA:23,557,268,-
BRDA:23,559,286,-
BRDA:23,559,302,-
end_of_record
SF:/home/nenad/repos/contracts-sui/math/core/sources/vector.move
FNF:6
FNH:0
LF:76
LH:0
BRF:420
BRH:0
FN:516,median_u128
FN:453,median_u16
FN:537,median_u256
FN:474,median_u32
FN:495,median_u64
FN:432,median_u8
BRDA:432,0,4,-
BRDA:432,0,5,-
BRDA:432,1,9,-
BRDA:301,3,16,-
BRDA:301,3,22,-
BRDA:302,4,22,-
BRDA:317,5,36,-
BRDA:319,6,42,-
BRDA:319,6,48,-
BRDA:319,7,247,-
BRDA:322,8,54,-
BRDA:322,8,109,-
BRDA:324,9,59,-
BRDA:324,10,63,-
BRDA:324,10,103,-
BRDA:325,11,65,-
BRDA:326,12,69,-
BRDA:326,12,82,-
BRDA:326,13,85,-
BRDA:326,14,85,-
BRDA:326,15,87,-
BRDA:326,15,98,-
BRDA:326,16,65,-
BRDA:324,17,59,-
BRDA:332,18,247,-
BRDA:339,19,131,-
BRDA:339,19,135,-
BRDA:339,20,135,-
BRDA:340,21,145,-
BRDA:340,21,149,-
BRDA:340,22,149,-
BRDA:341,23,159,-
BRDA:341,23,163,-
BRDA:341,24,163,-
BRDA:354,25,174,-
BRDA:355,26,178,-
BRDA:355,26,218,-
BRDA:357,27,187,-
BRDA:357,27,209,-
BRDA:358,28,191,-
BRDA:358,28,196,-
BRDA:358,29,174,-
BRDA:358,30,174,-
BRDA:357,31,174,-
BRDA:380,32,230,-
BRDA:380,32,233,-
BRDA:380,33,36,-
BRDA:382,34,237,-
BRDA:382,34,238,-
BRDA:382,35,244,-
BRDA:385,36,247,-
BRDA:380,37,36,-
BRDA:389,38,255,-
BRDA:389,38,258,-
BRDA:389,39,317,-
BRDA:397,40,265,-
BRDA:398,41,269,-
BRDA:398,41,286,-
BRDA:399,42,276,-
BRDA:399,42,281,-
BRDA:399,43,281,-
BRDA:398,44,265,-
BRDA:408,45,302,-
BRDA:408,45,307,-
BRDA:408,46,309,-
BRDA:408,47,309,-
BRDA:408,48,311,-
BRDA:408,48,315,-
BRDA:409,49,315,-
BRDA:389,50,317,-
BRDA:453,52,4,-
BRDA:453,52,5,-
BRDA:453,53,9,-
BRDA:301,55,16,-
BRDA:301,55,22,-
BRDA:302,56,22,-
BRDA:317,57,36,-
BRDA:319,58,42,-
BRDA:319,58,48,-
BRDA:319,59,247,-
BRDA:322,60,54,-
BRDA:322,60,109,-
BRDA:324,61,59,-
BRDA:324,62,63,-
BRDA:324,62,103,-
BRDA:325,63,65,-
BRDA:326,64,69,-
BRDA:326,64,82,-
BRDA:326,65,85,-
BRDA:326,66,85,-
BRDA:326,67,87,-
BRDA:326,67,98,-
BRDA:326,68,65,-
BRDA:324,69,59,-
BRDA:332,70,247,-
BRDA:339,71,131,-
BRDA:339,71,135,-
BRDA:339,72,135,-
BRDA:340,73,145,-
BRDA:340,73,149,-
BRDA:340,74,149,-
BRDA:341,75,159,-
BRDA:341,75,163,-
BRDA:341,76,163,-
BRDA:354,77,174,-
BRDA:355,78,178,-
BRDA:355,78,218,-
BRDA:357,79,187,-
BRDA:357,79,209,-
BRDA:358,80,191,-
BRDA:358,80,196,-
BRDA:358,81,174,-
BRDA:358,82,174,-
BRDA:357,83,174,-
BRDA:380,84,230,-
BRDA:380,84,233,-
BRDA:380,85,36,-
BRDA:382,86,237,-
BRDA:382,86,238,-
BRDA:382,87,244,-
BRDA:385,88,247,-
BRDA:380,89,36,-
BRDA:389,90,255,-
BRDA:389,90,258,-
BRDA:389,91,317,-
BRDA:397,92,265,-
BRDA:398,93,269,-
BRDA:398,93,286,-
BRDA:399,94,276,-
BRDA:399,94,281,-
BRDA:399,95,281,-
BRDA:398,96,265,-
BRDA:408,97,302,-
BRDA:408,97,307,-
BRDA:408,98,309,-
BRDA:408,99,309,-
BRDA:408,100,311,-
BRDA:408,100,315,-
BRDA:409,101,315,-
BRDA:389,102,317,-
BRDA:474,104,4,-
BRDA:474,104,5,-
BRDA:474,105,9,-
BRDA:301,107,16,-
BRDA:301,107,22,-
BRDA:302,108,22,-
BRDA:317,109,36,-
BRDA:319,110,42,-
BRDA:319,110,48,-
BRDA:319,111,247,-
BRDA:322,112,54,-
BRDA:322,112,109,-
BRDA:324,113,59,-
BRDA:324,114,63,-
BRDA:324,114,103,-
BRDA:325,115,65,-
BRDA:326,116,69,-
BRDA:326,116,82,-
BRDA:326,117,85,-
BRDA:326,118,85,-
BRDA:326,119,87,-
BRDA:326,119,98,-
BRDA:326,120,65,-
BRDA:324,121,59,-
BRDA:332,122,247,-
BRDA:339,123,131,-
BRDA:339,123,135,-
BRDA:339,124,135,-
BRDA:340,125,145,-
BRDA:340,125,149,-
BRDA:340,126,149,-
BRDA:341,127,159,-
BRDA:341,127,163,-
BRDA:341,128,163,-
BRDA:354,129,174,-
BRDA:355,130,178,-
BRDA:355,130,218,-
BRDA:357,131,187,-
BRDA:357,131,209,-
BRDA:358,132,191,-
BRDA:358,132,196,-
BRDA:358,133,174,-
BRDA:358,134,174,-
BRDA:357,135,174,-
BRDA:380,136,230,-
BRDA:380,136,233,-
BRDA:380,137,36,-
BRDA:382,138,237,-
BRDA:382,138,238,-
BRDA:382,139,244,-
BRDA:385,140,247,-
BRDA:380,141,36,-
BRDA:389,142,255,-
BRDA:389,142,258,-
BRDA:389,143,317,-
BRDA:397,144,265,-
BRDA:398,145,269,-
BRDA:398,145,286,-
BRDA:399,146,276,-
BRDA:399,146,281,-
BRDA:399,147,281,-
BRDA:398,148,265,-
BRDA:408,149,302,-
BRDA:408,149,307,-
BRDA:408,150,309,-
BRDA:408,151,309,-
BRDA:408,152,311,-
BRDA:408,152,315,-
BRDA:409,153,315,-
BRDA:389,154,317,-
BRDA:495,156,4,-
BRDA:495,156,5,-
BRDA:495,157,9,-
BRDA:301,159,16,-
BRDA:301,159,22,-
BRDA:302,160,22,-
BRDA:317,161,36,-
BRDA:319,162,42,-
BRDA:319,162,48,-
BRDA:319,163,247,-
BRDA:322,164,54,-
BRDA:322,164,109,-
BRDA:324,165,59,-
BRDA:324,166,63,-
BRDA:324,166,103,-
BRDA:325,167,65,-
BRDA:326,168,69,-
BRDA:326,168,82,-
BRDA:326,169,85,-
BRDA:326,170,85,-
BRDA:326,171,87,-
BRDA:326,171,98,-
BRDA:326,172,65,-
BRDA:324,173,59,-
BRDA:332,174,247,-
BRDA:339,175,131,-
BRDA:339,175,135,-
BRDA:339,176,135,-
BRDA:340,177,145,-
BRDA:340,177,149,-
BRDA:340,178,149,-
BRDA:341,179,159,-
BRDA:341,179,163,-
BRDA:341,180,163,-
BRDA:354,181,174,-
BRDA:355,182,178,-
BRDA:355,182,218,-
BRDA:357,183,187,-
BRDA:357,183,209,-
BRDA:358,184,191,-
BRDA:358,184,196,-
BRDA:358,185,174,-
BRDA:358,186,174,-
BRDA:357,187,174,-
BRDA:380,188,230,-
BRDA:380,188,233,-
BRDA:380,189,36,-
BRDA:382,190,237,-
BRDA:382,190,238,-
BRDA:382,191,244,-
BRDA:385,192,247,-
BRDA:380,193,36,-
BRDA:389,194,255,-
BRDA:389,194,258,-
BRDA:389,195,317,-
BRDA:397,196,265,-
BRDA:398,197,269,-
BRDA:398,197,286,-
BRDA:399,198,276,-
BRDA:399,198,281,-
BRDA:399,199,281,-
BRDA:398,200,265,-
BRDA:408,201,302,-
BRDA:408,201,307,-
BRDA:408,202,309,-
BRDA:408,203,309,-
BRDA:408,204,311,-
BRDA:408,204,315,-
BRDA:409,205,315,-
BRDA:389,206,317,-
BRDA:516,208,4,-
BRDA:516,208,5,-
BRDA:516,209,9,-
BRDA:301,211,16,-
BRDA:301,211,22,-
BRDA:302,212,22,-
BRDA:317,213,36,-
BRDA:319,214,42,-
BRDA:319,214,48,-
BRDA:319,215,247,-
BRDA:322,216,54,-
BRDA:322,216,109,-
BRDA:324,217,59,-
BRDA:324,218,63,-
BRDA:324,218,103,-
BRDA:325,219,65,-
BRDA:326,220,69,-
BRDA:326,220,82,-
BRDA:326,221,85,-
BRDA:326,222,85,-
BRDA:326,223,87,-
BRDA:326,223,98,-
BRDA:326,224,65,-
BRDA:324,225,59,-
BRDA:332,226,247,-
BRDA:339,227,131,-
BRDA:339,227,135,-
BRDA:339,228,135,-
BRDA:340,229,145,-
BRDA:340,229,149,-
BRDA:340,230,149,-
BRDA:341,231,159,-
BRDA:341,231,163,-
BRDA:341,232,163,-
BRDA:354,233,174,-
BRDA:355,234,178,-
BRDA:355,234,218,-
BRDA:357,235,187,-
BRDA:357,235,209,-
BRDA:358,236,191,-
BRDA:358,236,196,-
BRDA:358,237,174,-
BRDA:358,238,174,-
BRDA:357,239,174,-
BRDA:380,240,230,-
BRDA:380,240,233,-
BRDA:380,241,36,-
BRDA:382,242,237,-
BRDA:382,242,238,-
BRDA:382,243,244,-
BRDA:385,244,247,-
BRDA:380,245,36,-
BRDA:389,246,255,-
BRDA:389,246,258,-
BRDA:389,247,317,-
BRDA:397,248,265,-
BRDA:398,249,269,-
BRDA:398,249,286,-
BRDA:399,250,276,-
BRDA:399,250,281,-
BRDA:399,251,281,-
BRDA:398,252,265,-
BRDA:408,253,302,-
BRDA:408,253,307,-
BRDA:408,254,309,-
BRDA:408,255,309,-
BRDA:408,256,311,-
BRDA:408,256,315,-
BRDA:409,257,315,-
BRDA:389,258,317,-
BRDA:537,260,4,-
BRDA:537,260,5,-
BRDA:537,261,9,-
BRDA:301,263,16,-
BRDA:301,263,22,-
BRDA:302,264,22,-
BRDA:317,265,36,-
BRDA:319,266,42,-
BRDA:319,266,48,-
BRDA:319,267,247,-
BRDA:322,268,54,-
BRDA:322,268,109,-
BRDA:324,269,59,-
BRDA:324,270,63,-
BRDA:324,270,103,-
BRDA:325,271,65,-
BRDA:326,272,69,-
BRDA:326,272,82,-
BRDA:326,273,85,-
BRDA:326,274,85,-
BRDA:326,275,87,-
BRDA:326,275,98,-
BRDA:326,276,65,-
BRDA:324,277,59,-
BRDA:332,278,247,-
BRDA:339,279,131,-
BRDA:339,279,135,-
BRDA:339,280,135,-
BRDA:340,281,145,-
BRDA:340,281,149,-
BRDA:340,282,149,-
BRDA:341,283,159,-
BRDA:341,283,163,-
BRDA:341,284,163,-
BRDA:354,285,174,-
BRDA:355,286,178,-
BRDA:355,286,218,-
BRDA:357,287,187,-
BRDA:357,287,209,-
BRDA:358,288,191,-
BRDA:358,288,196,-
BRDA:358,289,174,-
BRDA:358,290,174,-
BRDA:357,291,174,-
BRDA:380,292,230,-
BRDA:380,292,233,-
BRDA:380,293,36,-
BRDA:382,294,237,-
BRDA:382,294,238,-
BRDA:382,295,244,-
BRDA:385,296,247,-
BRDA:380,297,36,-
BRDA:389,298,255,-
BRDA:389,298,258,-
BRDA:389,299,317,-
BRDA:397,300,265,-
BRDA:398,301,269,-
BRDA:398,301,286,-
BRDA:399,302,276,-
BRDA:399,302,281,-
BRDA:399,303,281,-
BRDA:398,304,265,-
BRDA:408,305,302,-
BRDA:408,305,307,-
BRDA:408,306,309,-
BRDA:408,307,309,-
BRDA:408,308,311,-
BRDA:408,308,315,-
BRDA:409,309,315,-
BRDA:389,310,317,-
end_of_record
